#
# There is insufficient memory for the Java Runtime Environment to continue.
# Native memory allocation (mmap) failed to map 65536 bytes for Failed to commit metaspace.
# Possible reasons:
#   The system is out of physical RAM or swap space
#   The process is running with CompressedOops enabled, and the Java Heap may be blocking the growth of the native heap
# Possible solutions:
#   Reduce memory load on the system
#   Increase physical memory or swap space
#   Check if swap backing store is full
#   Decrease Java heap size (-Xmx/-Xms)
#   Decrease number of Java threads
#   Decrease Java thread stack sizes (-Xss)
#   Set larger code cache with -XX:ReservedCodeCacheSize=
#   JVM is running with Zero Based Compressed Oops mode in which the Java heap is
#     placed in the first 32GB address space. The Java Heap base address is the
#     maximum limit for the native heap growth. Please use -XX:HeapBaseMinAddress
#     to set the Java Heap base and to place the Java Heap above 32GB virtual address.
# This output file may be truncated or incomplete.
#
#  Out of Memory Error (virtualSpaceNode.cpp:112), pid=12684, tid=15596
#
# JRE version: Java(TM) SE Runtime Environment (21.0.1+12) (build 21.0.1+12-LTS-29)
# Java VM: Java HotSpot(TM) 64-Bit Server VM (21.0.1+12-LTS-29, mixed mode, sharing, tiered, compressed oops, compressed class ptrs, g1 gc, windows-amd64)
# No core dump will be written. Minidumps are not enabled by default on client versions of Windows
#

---------------  S U M M A R Y ------------

Command Line: -Dfile.encoding=UTF-8 --module-path=C:\Users\omkar\Documents\NetBeansProjects\bank managment system\build\classes bank.managment.system.Login

Host: Intel(R) Core(TM) i3-7100 CPU @ 3.90GHz, 4 cores, 11G,  Windows 11 , 64 bit Build 22000 (10.0.22000.2538)
Time: Wed Mar 20 20:15:20 2024 India Standard Time elapsed time: 0.320219 seconds (0d 0h 0m 0s)

---------------  T H R E A D  ---------------

Current thread (0x00000225313e7750):  JavaThread "main"             [_thread_in_vm, id=15596, stack(0x000000f990700000,0x000000f990800000) (1024K)]

Stack: [0x000000f990700000,0x000000f990800000]
Native frames: (J=compiled Java code, j=interpreted, Vv=VM code, C=native code)
V  [jvm.dll+0x6c9029]
V  [jvm.dll+0x854b81]
V  [jvm.dll+0x856e5e]
V  [jvm.dll+0x857543]
V  [jvm.dll+0x280c06]
V  [jvm.dll+0x8508ae]
V  [jvm.dll+0x66ca45]
V  [jvm.dll+0x66caaa]
V  [jvm.dll+0x66f2a6]
V  [jvm.dll+0x66f172]
V  [jvm.dll+0x66d41e]
V  [jvm.dll+0x26b2df]
V  [jvm.dll+0x677615]
V  [jvm.dll+0x217a53]
V  [jvm.dll+0x217f95]
V  [jvm.dll+0x2189b1]
V  [jvm.dll+0x20dc4e]
V  [jvm.dll+0x5ac6dc]
V  [jvm.dll+0x21f67a]
V  [jvm.dll+0x7ccde1]
V  [jvm.dll+0x7cde45]
V  [jvm.dll+0x7ce3ef]
V  [jvm.dll+0x7ce098]
V  [jvm.dll+0x26ebdb]
V  [jvm.dll+0x3d36fe]
C  0x0000022540d9a854

The last pc belongs to new (printed below).
Java frames: (J=compiled Java code, j=interpreted, Vv=VM code)
j  javax.swing.JButton.<init>(Ljava/lang/String;Ljavax/swing/Icon;)V+5 java.desktop@21.0.1
j  javax.swing.JButton.<init>(Ljava/lang/String;)V+3 java.desktop@21.0.1
j  bank.managment.system.Login.<init>()V+226
j  bank.managment.system.Login.main([Ljava/lang/String;)V+4
v  ~StubRoutines::call_stub 0x0000022540d8100d
new  187 new  [0x0000022540d9a6c0, 0x0000022540d9a8c8]  520 bytes
[MachCode]
  0x0000022540d9a6c0: 4883 ec08 | c5fa 1104 | 24eb 1f48 | 83ec 10c5 | fb11 0424 | eb14 4883 | ec10 4889 | 0424 48c7 
  0x0000022540d9a6e0: 4424 0800 | 0000 00eb | 0150 410f | b755 010f | cac1 ea10 | 488b 4de8 | 488b 4908 | 488b 4908 
  0x0000022540d9a700: 488b 4108 | 807c 1004 | 070f 85d3 | 0000 0066 | 8b54 d148 | 488b 4928 | 488b 4cd1 | 0851 80b9 
  0x0000022540d9a720: 2001 0000 | 050f 85b6 | 0000 008b | 5108 f6c2 | 010f 85aa | 0000 0049 | 8b87 b801 | 0000 488d 
  0x0000022540d9a740: 1c10 493b | 9fc8 0100 | 000f 8792 | 0000 0049 | 899f b801 | 0000 4883 | ea10 0f84 | 0f00 0000 
  0x0000022540d9a760: 33c9 c1ea | 0348 894c | d008 48ff | ca75 f648 | c700 0100 | 0000 5933 | f689 700c | 49ba 0000 
  0x0000022540d9a780: 004f 2502 | 0000 492b | ca89 4808 | 49ba ca25 | f513 fa7f | 0000 4180 | 3a00 0f84 | 3c00 0000 
  0x0000022540d9a7a0: 5048 8bc8 | 4883 ec20 | 40f6 c40f | 0f84 1900 | 0000 4883 | ec08 48b8 | 70eb a513 | fa7f 0000 
  0x0000022540d9a7c0: ffd0 4883 | c408 e90c | 0000 0048 | b870 eba5 | 13fa 7f00 | 00ff d048 | 83c4 2058 | e9cb 0000 
  0x0000022540d9a7e0: 0059 488b | 55e8 488b | 5208 488b | 5208 450f | b745 0141 | 0fc8 41c1 | e810 e805 | 0000 00e9 
  0x0000022540d9a800: a800 0000 | 488d 4424 | 084c 896d | c049 8bcf | c5f8 7749 | 89af a803 | 0000 4989 | 8798 0300 
  0x0000022540d9a820: 0048 83ec | 2040 f6c4 | 0f0f 8419 | 0000 0048 | 83ec 0848 | b8b0 3670 | 13fa 7f00 | 00ff d048 
  0x0000022540d9a840: 83c4 08e9 | 0c00 0000 | 48b8 b036 | 7013 fa7f | 0000 ffd0 | 4883 c420 | 49c7 8798 | 0300 0000 
  0x0000022540d9a860: 0000 0049 | c787 a803 | 0000 0000 | 0000 49c7 | 87a0 0300 | 0000 0000 | 00c5 f877 | 4983 7f08 
  0x0000022540d9a880: 000f 8405 | 0000 00e9 | 7466 feff | 498b 87f0 | 0300 0049 | c787 f003 | 0000 0000 | 0000 4c8b 
  0x0000022540d9a8a0: 6dc0 4c8b | 75c8 4e8d | 74f5 00c3 | 410f b65d | 0349 83c5 | 0349 ba80 | dff7 13fa | 7f00 0041 
  0x0000022540d9a8c0: ff24 da0f | 1f44 0000 
[/MachCode]

---------------  P R O C E S S  ---------------

Threads class SMR info:
_java_thread_list=0x000002254ebac2d0, length=14, elements={
0x00000225313e7750, 0x000002254e8a6e60, 0x000002254e8a9d40, 0x000002254e8ac3e0,
0x000002254e8ad450, 0x000002254e8ae670, 0x000002254e8af3b0, 0x000002254e8bd0e0,
0x000002254e8c3000, 0x000002254eacb080, 0x000002254eb9d990, 0x000002254ecdaf40,
0x000002254ece18a0, 0x000002254ece56c0
}

Java Threads: ( => current thread )
=>0x00000225313e7750 JavaThread "main"                              [_thread_in_vm, id=15596, stack(0x000000f990700000,0x000000f990800000) (1024K)]
  0x000002254e8a6e60 JavaThread "Reference Handler"          daemon [_thread_blocked, id=2808, stack(0x000000f990f00000,0x000000f991000000) (1024K)]
  0x000002254e8a9d40 JavaThread "Finalizer"                  daemon [_thread_blocked, id=9276, stack(0x000000f991000000,0x000000f991100000) (1024K)]
  0x000002254e8ac3e0 JavaThread "Signal Dispatcher"          daemon [_thread_blocked, id=23236, stack(0x000000f991100000,0x000000f991200000) (1024K)]
  0x000002254e8ad450 JavaThread "Attach Listener"            daemon [_thread_blocked, id=24136, stack(0x000000f991200000,0x000000f991300000) (1024K)]
  0x000002254e8ae670 JavaThread "Service Thread"             daemon [_thread_blocked, id=1624, stack(0x000000f991300000,0x000000f991400000) (1024K)]
  0x000002254e8af3b0 JavaThread "Monitor Deflation Thread"   daemon [_thread_blocked, id=9832, stack(0x000000f991400000,0x000000f991500000) (1024K)]
  0x000002254e8bd0e0 JavaThread "C2 CompilerThread0"         daemon [_thread_blocked, id=11872, stack(0x000000f991500000,0x000000f991600000) (1024K)]
  0x000002254e8c3000 JavaThread "C1 CompilerThread0"         daemon [_thread_blocked, id=23856, stack(0x000000f991600000,0x000000f991700000) (1024K)]
  0x000002254eacb080 JavaThread "Common-Cleaner"             daemon [_thread_blocked, id=18888, stack(0x000000f991700000,0x000000f991800000) (1024K)]
  0x000002254eb9d990 JavaThread "Notification Thread"        daemon [_thread_blocked, id=24520, stack(0x000000f991800000,0x000000f991900000) (1024K)]
  0x000002254ecdaf40 JavaThread "Java2D Disposer"            daemon [_thread_blocked, id=21744, stack(0x000000f991900000,0x000000f991a00000) (1024K)]
  0x000002254ece18a0 JavaThread "AWT-Shutdown"                      [_thread_blocked, id=13748, stack(0x000000f991a00000,0x000000f991b00000) (1024K)]
  0x000002254ece56c0 JavaThread "AWT-Windows"                daemon [_thread_in_native, id=9320, stack(0x000000f991b00000,0x000000f991c00000) (1024K)]
Total: 14

Other Threads:
  0x000002254e8867a0 VMThread "VM Thread"                           [id=2784, stack(0x000000f990e00000,0x000000f990f00000) (1024K)]
  0x00000225314be4a0 WatcherThread "VM Periodic Task Thread"        [id=17784, stack(0x000000f990d00000,0x000000f990e00000) (1024K)]
  0x0000022531433350 WorkerThread "GC Thread#0"                     [id=9356, stack(0x000000f990800000,0x000000f990900000) (1024K)]
  0x00000225314402c0 ConcurrentGCThread "G1 Main Marker"            [id=13344, stack(0x000000f990900000,0x000000f990a00000) (1024K)]
  0x0000022531440dc0 WorkerThread "G1 Conc#0"                       [id=11412, stack(0x000000f990a00000,0x000000f990b00000) (1024K)]
  0x00000225314ad5a0 ConcurrentGCThread "G1 Refine#0"               [id=12732, stack(0x000000f990b00000,0x000000f990c00000) (1024K)]
  0x00000225314af130 ConcurrentGCThread "G1 Service"                [id=4108, stack(0x000000f990c00000,0x000000f990d00000) (1024K)]
Total: 7

Threads with active compile tasks:
Total: 0

VM state: not at safepoint (normal execution)

VM Mutex/Monitor currently owned by a thread:  ([mutex/lock_event])
[0x00007ffa13f68578] Metaspace_lock - owner thread: 0x00000225313e7750

Heap address: 0x0000000740e00000, size: 3058 MB, Compressed Oops mode: Zero based, Oop shift amount: 3

CDS archive(s) mapped at: [0x000002254f000000-0x000002254fc90000-0x000002254fc90000), size 13172736, SharedBaseAddress: 0x000002254f000000, ArchiveRelocationMode: 1.
Compressed class space mapped at: 0x0000022550000000-0x0000022590000000, reserved size: 1073741824
Narrow klass base: 0x000002254f000000, Narrow klass shift: 0, Narrow klass range: 0x100000000

GC Precious Log:
 CardTable entry size: 512
 Card Set container configuration: InlinePtr #cards 4 size 8 Array Of Cards #cards 16 size 48 Howl #buckets 8 coarsen threshold 3686 Howl Bitmap #cards 512 size 80 coarsen threshold 460 Card regions per heap region 1 cards per card region 4096
 CPUs: 4 total, 4 available
 Memory: 12225M
 Large Page Support: Disabled
 NUMA Support: Disabled
 Compressed Oops: Enabled (Zero based)
 Heap Region Size: 2M
 Heap Min Capacity: 8M
 Heap Initial Capacity: 192M
 Heap Max Capacity: 3058M
 Pre-touch: Disabled
 Parallel Workers: 4
 Concurrent Workers: 1
 Concurrent Refinement Workers: 4
 Periodic GC: Disabled

Heap:
 garbage-first heap   total 196608K, used 4096K [0x0000000740e00000, 0x0000000800000000)
  region size 2048K, 3 young (6144K), 0 survivors (0K)
 Metaspace       used 5349K, committed 5440K, reserved 1114112K
  class space    used 604K, committed 640K, reserved 1048576K

Heap Regions: E=young(eden), S=young(survivor), O=old, HS=humongous(starts), HC=humongous(continues), CS=collection set, F=free, TAMS=top-at-mark-start, PB=parsable bottom
|   0|0x0000000740e00000, 0x0000000740e00000, 0x0000000741000000|  0%| F|  |TAMS 0x0000000740e00000| PB 0x0000000740e00000| Untracked 
|   1|0x0000000741000000, 0x0000000741000000, 0x0000000741200000|  0%| F|  |TAMS 0x0000000741000000| PB 0x0000000741000000| Untracked 
|   2|0x0000000741200000, 0x0000000741200000, 0x0000000741400000|  0%| F|  |TAMS 0x0000000741200000| PB 0x0000000741200000| Untracked 
|   3|0x0000000741400000, 0x0000000741400000, 0x0000000741600000|  0%| F|  |TAMS 0x0000000741400000| PB 0x0000000741400000| Untracked 
|   4|0x0000000741600000, 0x0000000741600000, 0x0000000741800000|  0%| F|  |TAMS 0x0000000741600000| PB 0x0000000741600000| Untracked 
|   5|0x0000000741800000, 0x0000000741800000, 0x0000000741a00000|  0%| F|  |TAMS 0x0000000741800000| PB 0x0000000741800000| Untracked 
|   6|0x0000000741a00000, 0x0000000741a00000, 0x0000000741c00000|  0%| F|  |TAMS 0x0000000741a00000| PB 0x0000000741a00000| Untracked 
|   7|0x0000000741c00000, 0x0000000741c00000, 0x0000000741e00000|  0%| F|  |TAMS 0x0000000741c00000| PB 0x0000000741c00000| Untracked 
|   8|0x0000000741e00000, 0x0000000741e00000, 0x0000000742000000|  0%| F|  |TAMS 0x0000000741e00000| PB 0x0000000741e00000| Untracked 
|   9|0x0000000742000000, 0x0000000742000000, 0x0000000742200000|  0%| F|  |TAMS 0x0000000742000000| PB 0x0000000742000000| Untracked 
|  10|0x0000000742200000, 0x0000000742200000, 0x0000000742400000|  0%| F|  |TAMS 0x0000000742200000| PB 0x0000000742200000| Untracked 
|  11|0x0000000742400000, 0x0000000742400000, 0x0000000742600000|  0%| F|  |TAMS 0x0000000742400000| PB 0x0000000742400000| Untracked 
|  12|0x0000000742600000, 0x0000000742600000, 0x0000000742800000|  0%| F|  |TAMS 0x0000000742600000| PB 0x0000000742600000| Untracked 
|  13|0x0000000742800000, 0x0000000742800000, 0x0000000742a00000|  0%| F|  |TAMS 0x0000000742800000| PB 0x0000000742800000| Untracked 
|  14|0x0000000742a00000, 0x0000000742a00000, 0x0000000742c00000|  0%| F|  |TAMS 0x0000000742a00000| PB 0x0000000742a00000| Untracked 
|  15|0x0000000742c00000, 0x0000000742c00000, 0x0000000742e00000|  0%| F|  |TAMS 0x0000000742c00000| PB 0x0000000742c00000| Untracked 
|  16|0x0000000742e00000, 0x0000000742e00000, 0x0000000743000000|  0%| F|  |TAMS 0x0000000742e00000| PB 0x0000000742e00000| Untracked 
|  17|0x0000000743000000, 0x0000000743000000, 0x0000000743200000|  0%| F|  |TAMS 0x0000000743000000| PB 0x0000000743000000| Untracked 
|  18|0x0000000743200000, 0x0000000743200000, 0x0000000743400000|  0%| F|  |TAMS 0x0000000743200000| PB 0x0000000743200000| Untracked 
|  19|0x0000000743400000, 0x0000000743400000, 0x0000000743600000|  0%| F|  |TAMS 0x0000000743400000| PB 0x0000000743400000| Untracked 
|  20|0x0000000743600000, 0x0000000743600000, 0x0000000743800000|  0%| F|  |TAMS 0x0000000743600000| PB 0x0000000743600000| Untracked 
|  21|0x0000000743800000, 0x0000000743800000, 0x0000000743a00000|  0%| F|  |TAMS 0x0000000743800000| PB 0x0000000743800000| Untracked 
|  22|0x0000000743a00000, 0x0000000743a00000, 0x0000000743c00000|  0%| F|  |TAMS 0x0000000743a00000| PB 0x0000000743a00000| Untracked 
|  23|0x0000000743c00000, 0x0000000743c00000, 0x0000000743e00000|  0%| F|  |TAMS 0x0000000743c00000| PB 0x0000000743c00000| Untracked 
|  24|0x0000000743e00000, 0x0000000743e00000, 0x0000000744000000|  0%| F|  |TAMS 0x0000000743e00000| PB 0x0000000743e00000| Untracked 
|  25|0x0000000744000000, 0x0000000744000000, 0x0000000744200000|  0%| F|  |TAMS 0x0000000744000000| PB 0x0000000744000000| Untracked 
|  26|0x0000000744200000, 0x0000000744200000, 0x0000000744400000|  0%| F|  |TAMS 0x0000000744200000| PB 0x0000000744200000| Untracked 
|  27|0x0000000744400000, 0x0000000744400000, 0x0000000744600000|  0%| F|  |TAMS 0x0000000744400000| PB 0x0000000744400000| Untracked 
|  28|0x0000000744600000, 0x0000000744600000, 0x0000000744800000|  0%| F|  |TAMS 0x0000000744600000| PB 0x0000000744600000| Untracked 
|  29|0x0000000744800000, 0x0000000744800000, 0x0000000744a00000|  0%| F|  |TAMS 0x0000000744800000| PB 0x0000000744800000| Untracked 
|  30|0x0000000744a00000, 0x0000000744a00000, 0x0000000744c00000|  0%| F|  |TAMS 0x0000000744a00000| PB 0x0000000744a00000| Untracked 
|  31|0x0000000744c00000, 0x0000000744c00000, 0x0000000744e00000|  0%| F|  |TAMS 0x0000000744c00000| PB 0x0000000744c00000| Untracked 
|  32|0x0000000744e00000, 0x0000000744e00000, 0x0000000745000000|  0%| F|  |TAMS 0x0000000744e00000| PB 0x0000000744e00000| Untracked 
|  33|0x0000000745000000, 0x0000000745000000, 0x0000000745200000|  0%| F|  |TAMS 0x0000000745000000| PB 0x0000000745000000| Untracked 
|  34|0x0000000745200000, 0x0000000745200000, 0x0000000745400000|  0%| F|  |TAMS 0x0000000745200000| PB 0x0000000745200000| Untracked 
|  35|0x0000000745400000, 0x0000000745400000, 0x0000000745600000|  0%| F|  |TAMS 0x0000000745400000| PB 0x0000000745400000| Untracked 
|  36|0x0000000745600000, 0x0000000745600000, 0x0000000745800000|  0%| F|  |TAMS 0x0000000745600000| PB 0x0000000745600000| Untracked 
|  37|0x0000000745800000, 0x0000000745800000, 0x0000000745a00000|  0%| F|  |TAMS 0x0000000745800000| PB 0x0000000745800000| Untracked 
|  38|0x0000000745a00000, 0x0000000745a00000, 0x0000000745c00000|  0%| F|  |TAMS 0x0000000745a00000| PB 0x0000000745a00000| Untracked 
|  39|0x0000000745c00000, 0x0000000745c00000, 0x0000000745e00000|  0%| F|  |TAMS 0x0000000745c00000| PB 0x0000000745c00000| Untracked 
|  40|0x0000000745e00000, 0x0000000745e00000, 0x0000000746000000|  0%| F|  |TAMS 0x0000000745e00000| PB 0x0000000745e00000| Untracked 
|  41|0x0000000746000000, 0x0000000746000000, 0x0000000746200000|  0%| F|  |TAMS 0x0000000746000000| PB 0x0000000746000000| Untracked 
|  42|0x0000000746200000, 0x0000000746200000, 0x0000000746400000|  0%| F|  |TAMS 0x0000000746200000| PB 0x0000000746200000| Untracked 
|  43|0x0000000746400000, 0x0000000746400000, 0x0000000746600000|  0%| F|  |TAMS 0x0000000746400000| PB 0x0000000746400000| Untracked 
|  44|0x0000000746600000, 0x0000000746600000, 0x0000000746800000|  0%| F|  |TAMS 0x0000000746600000| PB 0x0000000746600000| Untracked 
|  45|0x0000000746800000, 0x0000000746800000, 0x0000000746a00000|  0%| F|  |TAMS 0x0000000746800000| PB 0x0000000746800000| Untracked 
|  46|0x0000000746a00000, 0x0000000746a00000, 0x0000000746c00000|  0%| F|  |TAMS 0x0000000746a00000| PB 0x0000000746a00000| Untracked 
|  47|0x0000000746c00000, 0x0000000746c00000, 0x0000000746e00000|  0%| F|  |TAMS 0x0000000746c00000| PB 0x0000000746c00000| Untracked 
|  48|0x0000000746e00000, 0x0000000746e00000, 0x0000000747000000|  0%| F|  |TAMS 0x0000000746e00000| PB 0x0000000746e00000| Untracked 
|  49|0x0000000747000000, 0x0000000747000000, 0x0000000747200000|  0%| F|  |TAMS 0x0000000747000000| PB 0x0000000747000000| Untracked 
|  50|0x0000000747200000, 0x0000000747200000, 0x0000000747400000|  0%| F|  |TAMS 0x0000000747200000| PB 0x0000000747200000| Untracked 
|  51|0x0000000747400000, 0x0000000747400000, 0x0000000747600000|  0%| F|  |TAMS 0x0000000747400000| PB 0x0000000747400000| Untracked 
|  52|0x0000000747600000, 0x0000000747600000, 0x0000000747800000|  0%| F|  |TAMS 0x0000000747600000| PB 0x0000000747600000| Untracked 
|  53|0x0000000747800000, 0x0000000747800000, 0x0000000747a00000|  0%| F|  |TAMS 0x0000000747800000| PB 0x0000000747800000| Untracked 
|  54|0x0000000747a00000, 0x0000000747a00000, 0x0000000747c00000|  0%| F|  |TAMS 0x0000000747a00000| PB 0x0000000747a00000| Untracked 
|  55|0x0000000747c00000, 0x0000000747c00000, 0x0000000747e00000|  0%| F|  |TAMS 0x0000000747c00000| PB 0x0000000747c00000| Untracked 
|  56|0x0000000747e00000, 0x0000000747e00000, 0x0000000748000000|  0%| F|  |TAMS 0x0000000747e00000| PB 0x0000000747e00000| Untracked 
|  57|0x0000000748000000, 0x0000000748000000, 0x0000000748200000|  0%| F|  |TAMS 0x0000000748000000| PB 0x0000000748000000| Untracked 
|  58|0x0000000748200000, 0x0000000748200000, 0x0000000748400000|  0%| F|  |TAMS 0x0000000748200000| PB 0x0000000748200000| Untracked 
|  59|0x0000000748400000, 0x0000000748400000, 0x0000000748600000|  0%| F|  |TAMS 0x0000000748400000| PB 0x0000000748400000| Untracked 
|  60|0x0000000748600000, 0x0000000748600000, 0x0000000748800000|  0%| F|  |TAMS 0x0000000748600000| PB 0x0000000748600000| Untracked 
|  61|0x0000000748800000, 0x0000000748800000, 0x0000000748a00000|  0%| F|  |TAMS 0x0000000748800000| PB 0x0000000748800000| Untracked 
|  62|0x0000000748a00000, 0x0000000748a00000, 0x0000000748c00000|  0%| F|  |TAMS 0x0000000748a00000| PB 0x0000000748a00000| Untracked 
|  63|0x0000000748c00000, 0x0000000748c00000, 0x0000000748e00000|  0%| F|  |TAMS 0x0000000748c00000| PB 0x0000000748c00000| Untracked 
|  64|0x0000000748e00000, 0x0000000748e00000, 0x0000000749000000|  0%| F|  |TAMS 0x0000000748e00000| PB 0x0000000748e00000| Untracked 
|  65|0x0000000749000000, 0x0000000749000000, 0x0000000749200000|  0%| F|  |TAMS 0x0000000749000000| PB 0x0000000749000000| Untracked 
|  66|0x0000000749200000, 0x0000000749200000, 0x0000000749400000|  0%| F|  |TAMS 0x0000000749200000| PB 0x0000000749200000| Untracked 
|  67|0x0000000749400000, 0x0000000749400000, 0x0000000749600000|  0%| F|  |TAMS 0x0000000749400000| PB 0x0000000749400000| Untracked 
|  68|0x0000000749600000, 0x0000000749600000, 0x0000000749800000|  0%| F|  |TAMS 0x0000000749600000| PB 0x0000000749600000| Untracked 
|  69|0x0000000749800000, 0x0000000749800000, 0x0000000749a00000|  0%| F|  |TAMS 0x0000000749800000| PB 0x0000000749800000| Untracked 
|  70|0x0000000749a00000, 0x0000000749a00000, 0x0000000749c00000|  0%| F|  |TAMS 0x0000000749a00000| PB 0x0000000749a00000| Untracked 
|  71|0x0000000749c00000, 0x0000000749c00000, 0x0000000749e00000|  0%| F|  |TAMS 0x0000000749c00000| PB 0x0000000749c00000| Untracked 
|  72|0x0000000749e00000, 0x0000000749e00000, 0x000000074a000000|  0%| F|  |TAMS 0x0000000749e00000| PB 0x0000000749e00000| Untracked 
|  73|0x000000074a000000, 0x000000074a000000, 0x000000074a200000|  0%| F|  |TAMS 0x000000074a000000| PB 0x000000074a000000| Untracked 
|  74|0x000000074a200000, 0x000000074a200000, 0x000000074a400000|  0%| F|  |TAMS 0x000000074a200000| PB 0x000000074a200000| Untracked 
|  75|0x000000074a400000, 0x000000074a400000, 0x000000074a600000|  0%| F|  |TAMS 0x000000074a400000| PB 0x000000074a400000| Untracked 
|  76|0x000000074a600000, 0x000000074a600000, 0x000000074a800000|  0%| F|  |TAMS 0x000000074a600000| PB 0x000000074a600000| Untracked 
|  77|0x000000074a800000, 0x000000074a800000, 0x000000074aa00000|  0%| F|  |TAMS 0x000000074a800000| PB 0x000000074a800000| Untracked 
|  78|0x000000074aa00000, 0x000000074aa00000, 0x000000074ac00000|  0%| F|  |TAMS 0x000000074aa00000| PB 0x000000074aa00000| Untracked 
|  79|0x000000074ac00000, 0x000000074ac00000, 0x000000074ae00000|  0%| F|  |TAMS 0x000000074ac00000| PB 0x000000074ac00000| Untracked 
|  80|0x000000074ae00000, 0x000000074ae00000, 0x000000074b000000|  0%| F|  |TAMS 0x000000074ae00000| PB 0x000000074ae00000| Untracked 
|  81|0x000000074b000000, 0x000000074b000000, 0x000000074b200000|  0%| F|  |TAMS 0x000000074b000000| PB 0x000000074b000000| Untracked 
|  82|0x000000074b200000, 0x000000074b200000, 0x000000074b400000|  0%| F|  |TAMS 0x000000074b200000| PB 0x000000074b200000| Untracked 
|  83|0x000000074b400000, 0x000000074b400000, 0x000000074b600000|  0%| F|  |TAMS 0x000000074b400000| PB 0x000000074b400000| Untracked 
|  84|0x000000074b600000, 0x000000074b600000, 0x000000074b800000|  0%| F|  |TAMS 0x000000074b600000| PB 0x000000074b600000| Untracked 
|  85|0x000000074b800000, 0x000000074b800000, 0x000000074ba00000|  0%| F|  |TAMS 0x000000074b800000| PB 0x000000074b800000| Untracked 
|  86|0x000000074ba00000, 0x000000074ba00000, 0x000000074bc00000|  0%| F|  |TAMS 0x000000074ba00000| PB 0x000000074ba00000| Untracked 
|  87|0x000000074bc00000, 0x000000074bc00000, 0x000000074be00000|  0%| F|  |TAMS 0x000000074bc00000| PB 0x000000074bc00000| Untracked 
|  88|0x000000074be00000, 0x000000074be00000, 0x000000074c000000|  0%| F|  |TAMS 0x000000074be00000| PB 0x000000074be00000| Untracked 
|  89|0x000000074c000000, 0x000000074c000000, 0x000000074c200000|  0%| F|  |TAMS 0x000000074c000000| PB 0x000000074c000000| Untracked 
|  90|0x000000074c200000, 0x000000074c200000, 0x000000074c400000|  0%| F|  |TAMS 0x000000074c200000| PB 0x000000074c200000| Untracked 
|  91|0x000000074c400000, 0x000000074c400000, 0x000000074c600000|  0%| F|  |TAMS 0x000000074c400000| PB 0x000000074c400000| Untracked 
|  92|0x000000074c600000, 0x000000074c600000, 0x000000074c800000|  0%| F|  |TAMS 0x000000074c600000| PB 0x000000074c600000| Untracked 
|  93|0x000000074c800000, 0x000000074c9341b8, 0x000000074ca00000| 60%| E|  |TAMS 0x000000074c800000| PB 0x000000074c800000| Complete 
|  94|0x000000074ca00000, 0x000000074cc00000, 0x000000074cc00000|100%| E|CS|TAMS 0x000000074ca00000| PB 0x000000074ca00000| Complete 
|  95|0x000000074cc00000, 0x000000074ce00000, 0x000000074ce00000|100%| E|CS|TAMS 0x000000074cc00000| PB 0x000000074cc00000| Complete 

Card table byte_map: [0x0000022548e50000,0x0000022549450000] _byte_map_base: 0x0000022545449000

Marking Bits: (CMBitMap*) 0x0000022531433a50
 Bits: [0x0000022549450000, 0x000002254c418000)

Polling page: 0x000002252f3b0000

Metaspace:

Usage:
  Non-class:      4.63 MB used.
      Class:    604.45 KB used.
       Both:      5.22 MB used.

Virtual space:
  Non-class space:       64.00 MB reserved,       4.69 MB (  7%) committed,  1 nodes.
      Class space:        1.00 GB reserved,     640.00 KB ( <1%) committed,  1 nodes.
             Both:        1.06 GB reserved,       5.31 MB ( <1%) committed. 

Chunk freelists:
   Non-Class:  10.89 MB
       Class:  15.25 MB
        Both:  26.14 MB

MaxMetaspaceSize: unlimited
CompressedClassSpaceSize: 1.00 GB
Initial GC threshold: 21.00 MB
Current GC threshold: 21.00 MB
CDS: on
 - commit_granule_bytes: 65536.
 - commit_granule_words: 8192.
 - virtual_space_node_default_size: 8388608.
 - enlarge_chunks_in_place: 1.
 - use_allocation_guard: 0.


Internal statistics:

num_allocs_failed_limit: 0.
num_arena_births: 114.
num_arena_deaths: 0.
num_vsnodes_births: 2.
num_vsnodes_deaths: 0.
num_space_committed: 85.
num_space_uncommitted: 0.
num_chunks_returned_to_freelist: 0.
num_chunks_taken_from_freelist: 135.
num_chunk_merges: 0.
num_chunk_splits: 83.
num_chunks_enlarged: 35.
num_inconsistent_stats: 0.

CodeHeap 'non-profiled nmethods': size=120000Kb used=164Kb max_used=164Kb free=119835Kb
 bounds [0x0000022541320000, 0x0000022541590000, 0x0000022548850000]
CodeHeap 'profiled nmethods': size=120000Kb used=771Kb max_used=771Kb free=119228Kb
 bounds [0x0000022539850000, 0x0000022539ac0000, 0x0000022540d80000]
CodeHeap 'non-nmethods': size=5760Kb used=1420Kb max_used=1420Kb free=4340Kb
 bounds [0x0000022540d80000, 0x0000022540ff0000, 0x0000022541320000]
 total_blobs=1061 nmethods=548 adapters=418
 compilation: enabled
              stopped_count=0, restarted_count=0
 full_count=0

Compilation events (20 events):
Event: 0.309 Thread 0x000002254e8c3000  539       1       java.beans.PropertyChangeEvent::getOldValue (5 bytes)
Event: 0.309 Thread 0x000002254e8c3000 nmethod 539 0x0000022541348810 code [0x00000225413489a0, 0x0000022541348a70]
Event: 0.309 Thread 0x000002254e8c3000  540       1       java.beans.PropertyChangeEvent::getNewValue (5 bytes)
Event: 0.309 Thread 0x000002254e8c3000 nmethod 540 0x0000022541348b10 code [0x0000022541348ca0, 0x0000022541348d70]
Event: 0.312 Thread 0x000002254e8c3000  541       3       sun.invoke.util.VerifyAccess::isTypeVisible (47 bytes)
Event: 0.312 Thread 0x000002254e8c3000 nmethod 541 0x000002253990d010 code [0x000002253990d200, 0x000002253990d620]
Event: 0.312 Thread 0x000002254e8c3000  542       3       java.lang.invoke.LambdaFormEditor$Transform::equals (32 bytes)
Event: 0.313 Thread 0x000002254e8c3000 nmethod 542 0x000002253990d810 code [0x000002253990d9c0, 0x000002253990dba8]
Event: 0.315 Thread 0x000002254e8c3000  543       3       java.lang.invoke.MethodType::methodType (21 bytes)
Event: 0.315 Thread 0x000002254e8c3000 nmethod 543 0x000002253990dc90 code [0x000002253990de60, 0x000002253990e038]
Event: 0.316 Thread 0x000002254e8c3000  544       1       java.lang.Integer::intValue (5 bytes)
Event: 0.316 Thread 0x000002254e8c3000 nmethod 544 0x0000022541348e10 code [0x0000022541348fa0, 0x0000022541349068]
Event: 0.316 Thread 0x000002254e8c3000  545       3       java.awt.AWTKeyStroke::hashCode (36 bytes)
Event: 0.316 Thread 0x000002254e8c3000 nmethod 545 0x000002253990e110 code [0x000002253990e2a0, 0x000002253990e428]
Event: 0.316 Thread 0x000002254e8c3000  546   !   3       java.lang.invoke.MemberName::getFieldType (176 bytes)
Event: 0.317 Thread 0x000002254e8c3000 nmethod 546 0x000002253990e490 code [0x000002253990e7a0, 0x000002253990fb10]
Event: 0.318 Thread 0x000002254e8c3000  547       3       java.lang.StringConcatHelper::newArray (40 bytes)
Event: 0.318 Thread 0x000002254e8c3000 nmethod 547 0x0000022539910110 code [0x00000225399102e0, 0x0000022539910618]
Event: 0.318 Thread 0x000002254e8c3000  548       3       java.lang.Integer::valueOf (32 bytes)
Event: 0.318 Thread 0x000002254e8c3000 nmethod 548 0x0000022539910710 code [0x00000225399108e0, 0x0000022539910c00]

GC Heap History (0 events):
No events

Dll operation events (6 events):
Event: 0.008 Loaded shared library C:\Program Files\Java\jdk-21\bin\java.dll
Event: 0.041 Loaded shared library C:\Program Files\Java\jdk-21\bin\jsvml.dll
Event: 0.070 Loaded shared library C:\Program Files\Java\jdk-21\bin\net.dll
Event: 0.071 Loaded shared library C:\Program Files\Java\jdk-21\bin\nio.dll
Event: 0.101 Loaded shared library C:\Program Files\Java\jdk-21\bin\jimage.dll
Event: 0.112 Loaded shared library C:\Program Files\Java\jdk-21\bin\awt.dll

Deoptimization events (4 events):
Event: 0.261 Thread 0x00000225313e7750 Uncommon trap: trap_request=0xffffff45 fr.pc=0x00000225413301ec relative=0x0000000000000a8c
Event: 0.261 Thread 0x00000225313e7750 Uncommon trap: reason=unstable_if action=reinterpret pc=0x00000225413301ec method=java.util.HashMap.putVal(ILjava/lang/Object;Ljava/lang/Object;ZZ)Ljava/lang/Object; @ 236 c2
Event: 0.261 Thread 0x00000225313e7750 DEOPT PACKING pc=0x00000225413301ec sp=0x000000f9907fd950
Event: 0.261 Thread 0x00000225313e7750 DEOPT UNPACKING pc=0x0000022540dd46a2 sp=0x000000f9907fd908 mode 2

Classes loaded (20 events):
Event: 0.316 Loading class javax/swing/plaf/basic/BasicTextUI$FocusAction done
Event: 0.316 Loading class javax/swing/plaf/basic/BasicTextUI$TextActionWrapper
Event: 0.316 Loading class javax/swing/plaf/basic/BasicTextUI$TextActionWrapper done
Event: 0.316 Loading class javax/swing/plaf/synth/SynthUI
Event: 0.316 Loading class javax/swing/plaf/synth/SynthConstants
Event: 0.316 Loading class javax/swing/plaf/synth/SynthConstants done
Event: 0.316 Loading class javax/swing/plaf/synth/SynthUI done
Event: 0.316 Loading class javax/swing/JTextArea
Event: 0.316 Loading class javax/swing/JTextArea done
Event: 0.317 Loading class javax/swing/JEditorPane
Event: 0.317 Loading class javax/swing/JEditorPane done
Event: 0.317 Loading class javax/swing/DefaultBoundedRangeModel
Event: 0.317 Loading class javax/swing/BoundedRangeModel
Event: 0.317 Loading class javax/swing/BoundedRangeModel done
Event: 0.317 Loading class javax/swing/DefaultBoundedRangeModel done
Event: 0.317 Loading class javax/swing/JTextField$ScrollRepainter
Event: 0.317 Loading class javax/swing/JTextField$ScrollRepainter done
Event: 0.319 Loading class javax/swing/DefaultButtonModel
Event: 0.319 Loading class javax/swing/ButtonModel
Event: 0.319 Loading class javax/swing/ButtonModel done

Classes unloaded (0 events):
No events

Classes redefined (0 events):
No events

Internal exceptions (12 events):
Event: 0.072 Thread 0x00000225313e7750 Exception <a 'sun/nio/fs/WindowsException'{0x000000074cdaed58}> (0x000000074cdaed58) 
thrown [s\open\src\hotspot\share\prims\jni.cpp, line 520]
Event: 0.075 Thread 0x00000225313e7750 Exception <a 'sun/nio/fs/WindowsException'{0x000000074cdb1298}> (0x000000074cdb1298) 
thrown [s\open\src\hotspot\share\prims\jni.cpp, line 520]
Event: 0.076 Thread 0x00000225313e7750 Exception <a 'sun/nio/fs/WindowsException'{0x000000074cdb1d98}> (0x000000074cdb1d98) 
thrown [s\open\src\hotspot\share\prims\jni.cpp, line 520]
Event: 0.105 Thread 0x00000225313e7750 Exception <a 'java/lang/ClassNotFoundException'{0x000000074ca531b0}: sun/awt/resources/spi/awtProvider> (0x000000074ca531b0) 
thrown [s\open\src\hotspot\share\classfile\systemDictionary.cpp, line 312]
Event: 0.124 Thread 0x00000225313e7750 Exception <a 'java/io/FileNotFoundException'{0x000000074caa8478}> (0x000000074caa8478) 
thrown [s\open\src\hotspot\share\prims\jni.cpp, line 520]
Event: 0.129 Thread 0x00000225313e7750 Exception <a 'java/io/FileNotFoundException'{0x000000074cad26a0}> (0x000000074cad26a0) 
thrown [s\open\src\hotspot\share\prims\jni.cpp, line 520]
Event: 0.263 Thread 0x00000225313e7750 Exception <a 'java/lang/NoSuchMethodError'{0x000000074cb66308}: 'void java.lang.invoke.DirectMethodHandle$Holder.invokeSpecial(java.lang.Object, java.lang.Object, java.lang.Object)'> (0x000000074cb66308) 
thrown [s\open\src\hotspot\share\interpreter\linkResolver.cpp, line 773]
Event: 0.269 Thread 0x00000225313e7750 Exception <a 'java/lang/NoSuchMethodError'{0x000000074c807358}: 'java.lang.Object java.lang.invoke.DirectMethodHandle$Holder.newInvokeSpecial(java.lang.Object, java.lang.Object, java.lang.Object, java.lang.Object, java.lang.Object)'> (0x000000074c807358) 
thrown [s\open\src\hotspot\share\interpreter\linkResolver.cpp, line 773]
Event: 0.273 Thread 0x00000225313e7750 Exception <a 'java/lang/NoSuchMethodError'{0x000000074c832ee0}: 'java.lang.Object java.lang.invoke.DirectMethodHandle$Holder.invokeStatic(java.lang.Object, int, java.lang.Object)'> (0x000000074c832ee0) 
thrown [s\open\src\hotspot\share\interpreter\linkResolver.cpp, line 773]
Event: 0.289 Thread 0x00000225313e7750 Exception <a 'java/lang/ClassNotFoundException'{0x000000074c8d2aa0}: com/sun/swing/internal/plaf/metal/resources/spi/metalProvider> (0x000000074c8d2aa0) 
thrown [s\open\src\hotspot\share\classfile\systemDictionary.cpp, line 312]
Event: 0.290 Thread 0x00000225313e7750 Exception <a 'java/lang/ClassNotFoundException'{0x000000074c8d6a00}: com/sun/swing/internal/plaf/basic/resources/spi/basicProvider> (0x000000074c8d6a00) 
thrown [s\open\src\hotspot\share\classfile\systemDictionary.cpp, line 312]
Event: 0.297 Thread 0x00000225313e7750 Exception <a 'java/lang/NoSuchMethodError'{0x000000074c8f5b80}: 'int java.lang.invoke.Invokers$Holder.invokeExact_MT(java.lang.Object, java.lang.Object)'> (0x000000074c8f5b80) 
thrown [s\open\src\hotspot\share\interpreter\linkResolver.cpp, line 773]

ZGC Phase Switch (0 events):
No events

VM Operations (6 events):
Event: 0.077 Executing VM operation: HandshakeAllThreads (Deoptimize)
Event: 0.077 Executing VM operation: HandshakeAllThreads (Deoptimize) done
Event: 0.135 Executing VM operation: HandshakeAllThreads (Deoptimize)
Event: 0.135 Executing VM operation: HandshakeAllThreads (Deoptimize) done
Event: 0.315 Executing VM operation: HandshakeAllThreads (Deoptimize)
Event: 0.315 Executing VM operation: HandshakeAllThreads (Deoptimize) done

Events (14 events):
Event: 0.026 Thread 0x00000225313e7750 Thread added: 0x00000225313e7750
Event: 0.039 Thread 0x000002254e8a6e60 Thread added: 0x000002254e8a6e60
Event: 0.040 Thread 0x000002254e8a9d40 Thread added: 0x000002254e8a9d40
Event: 0.040 Thread 0x000002254e8ac3e0 Thread added: 0x000002254e8ac3e0
Event: 0.040 Thread 0x000002254e8ad450 Thread added: 0x000002254e8ad450
Event: 0.040 Thread 0x000002254e8ae670 Thread added: 0x000002254e8ae670
Event: 0.040 Thread 0x000002254e8af3b0 Thread added: 0x000002254e8af3b0
Event: 0.040 Thread 0x000002254e8bd0e0 Thread added: 0x000002254e8bd0e0
Event: 0.040 Thread 0x000002254e8c3000 Thread added: 0x000002254e8c3000
Event: 0.057 Thread 0x000002254eacb080 Thread added: 0x000002254eacb080
Event: 0.089 Thread 0x000002254eb9d990 Thread added: 0x000002254eb9d990
Event: 0.166 Thread 0x000002254ecdaf40 Thread added: 0x000002254ecdaf40
Event: 0.167 Thread 0x000002254ece18a0 Thread added: 0x000002254ece18a0
Event: 0.168 Thread 0x000002254ece56c0 Thread added: 0x000002254ece56c0


Dynamic libraries:
0x00007ff74b290000 - 0x00007ff74b2a0000 	C:\Program Files\Java\jdk-21\bin\java.exe
0x00007ffa493a0000 - 0x00007ffa495a9000 	C:\WINDOWS\SYSTEM32\ntdll.dll
0x00007ffa47f80000 - 0x00007ffa4803d000 	C:\WINDOWS\System32\KERNEL32.DLL
0x00007ffa46c70000 - 0x00007ffa46ff4000 	C:\WINDOWS\System32\KERNELBASE.dll
0x00007ffa46990000 - 0x00007ffa46aa1000 	C:\WINDOWS\System32\ucrtbase.dll
0x00007ffa18610000 - 0x00007ffa1862b000 	C:\Program Files\Java\jdk-21\bin\VCRUNTIME140.dll
0x00007ffa361e0000 - 0x00007ffa361f9000 	C:\Program Files\Java\jdk-21\bin\jli.dll
0x00007ffa48250000 - 0x00007ffa482fe000 	C:\WINDOWS\System32\ADVAPI32.dll
0x00007ffa48040000 - 0x00007ffa480e3000 	C:\WINDOWS\System32\msvcrt.dll
0x00007ffa48340000 - 0x00007ffa483de000 	C:\WINDOWS\System32\sechost.dll
0x00007ffa47640000 - 0x00007ffa47761000 	C:\WINDOWS\System32\RPCRT4.dll
0x00007ffa473a0000 - 0x00007ffa4754d000 	C:\WINDOWS\System32\USER32.dll
0x00007ffa46960000 - 0x00007ffa46986000 	C:\WINDOWS\System32\win32u.dll
0x00007ffa48560000 - 0x00007ffa4858a000 	C:\WINDOWS\System32\GDI32.dll
0x00007ffa46ab0000 - 0x00007ffa46bce000 	C:\WINDOWS\System32\gdi32full.dll
0x00007ffa45a30000 - 0x00007ffa45cd5000 	C:\WINDOWS\WinSxS\amd64_microsoft.windows.common-controls_6595b64144ccf1df_6.0.22000.120_none_9d947278b86cc467\COMCTL32.dll
0x00007ffa46bd0000 - 0x00007ffa46c6d000 	C:\WINDOWS\System32\msvcp_win.dll
0x00007ffa404f0000 - 0x00007ffa404fa000 	C:\WINDOWS\SYSTEM32\VERSION.dll
0x00007ffa48300000 - 0x00007ffa48331000 	C:\WINDOWS\System32\IMM32.DLL
0x00007ffa31770000 - 0x00007ffa3177c000 	C:\Program Files\Java\jdk-21\bin\vcruntime140_1.dll
0x00007ffa18580000 - 0x00007ffa1860e000 	C:\Program Files\Java\jdk-21\bin\msvcp140.dll
0x00007ffa13330000 - 0x00007ffa14045000 	C:\Program Files\Java\jdk-21\bin\server\jvm.dll
0x00007ffa491e0000 - 0x00007ffa4924f000 	C:\WINDOWS\System32\WS2_32.dll
0x00007ffa46700000 - 0x00007ffa4674d000 	C:\WINDOWS\SYSTEM32\POWRPROF.dll
0x00007ffa3c8b0000 - 0x00007ffa3c8e3000 	C:\WINDOWS\SYSTEM32\WINMM.dll
0x00007ffa466e0000 - 0x00007ffa466f3000 	C:\WINDOWS\SYSTEM32\UMPDC.dll
0x00007ffa44af0000 - 0x00007ffa44b08000 	C:\WINDOWS\SYSTEM32\kernel.appcore.dll
0x00007ffa2b6e0000 - 0x00007ffa2b6ea000 	C:\Program Files\Java\jdk-21\bin\jimage.dll
0x00007ffa460d0000 - 0x00007ffa462f1000 	C:\WINDOWS\SYSTEM32\DBGHELP.DLL
0x00007ffa45e10000 - 0x00007ffa45e41000 	C:\WINDOWS\SYSTEM32\dbgcore.DLL
0x00007ffa47000000 - 0x00007ffa4707f000 	C:\WINDOWS\System32\bcryptPrimitives.dll
0x00007ffa18560000 - 0x00007ffa1857f000 	C:\Program Files\Java\jdk-21\bin\java.dll
0x00007ffa48a10000 - 0x00007ffa491d5000 	C:\WINDOWS\System32\SHELL32.dll
0x00007ffa43a40000 - 0x00007ffa442a2000 	C:\WINDOWS\SYSTEM32\windows.storage.dll
0x00007ffa47a10000 - 0x00007ffa47d86000 	C:\WINDOWS\System32\combase.dll
0x00007ffa438d0000 - 0x00007ffa43a37000 	C:\WINDOWS\SYSTEM32\wintypes.dll
0x00007ffa47550000 - 0x00007ffa4763a000 	C:\WINDOWS\System32\SHCORE.dll
0x00007ffa48500000 - 0x00007ffa4855d000 	C:\WINDOWS\System32\shlwapi.dll
0x00007ffa46760000 - 0x00007ffa46785000 	C:\WINDOWS\SYSTEM32\profapi.dll
0x00007ffa18150000 - 0x00007ffa18227000 	C:\Program Files\Java\jdk-21\bin\jsvml.dll
0x00007ffa29c80000 - 0x00007ffa29c90000 	C:\Program Files\Java\jdk-21\bin\net.dll
0x00007ffa40d10000 - 0x00007ffa40e24000 	C:\WINDOWS\SYSTEM32\WINHTTP.dll
0x00007ffa45660000 - 0x00007ffa456c7000 	C:\WINDOWS\system32\mswsock.dll
0x00007ffa18370000 - 0x00007ffa18386000 	C:\Program Files\Java\jdk-21\bin\nio.dll
0x00007ffa18f00000 - 0x00007ffa1908f000 	C:\Program Files\Java\jdk-21\bin\awt.dll
0x00007ffa47250000 - 0x00007ffa47326000 	C:\WINDOWS\System32\OLEAUT32.dll
0x00007ffa42f80000 - 0x00007ffa43012000 	C:\WINDOWS\SYSTEM32\apphelp.dll
0x00007ffa434e0000 - 0x00007ffa4350f000 	C:\WINDOWS\system32\DWMAPI.DLL
0x00007ffa43130000 - 0x00007ffa431dc000 	C:\WINDOWS\system32\uxtheme.dll
0x00007ffa189b0000 - 0x00007ffa18ab1000 	C:\WINDOWS\system32\opengl32.dll
0x00007ffa18980000 - 0x00007ffa189ad000 	C:\WINDOWS\SYSTEM32\GLU32.dll
0x00007ffa43240000 - 0x00007ffa43278000 	C:\WINDOWS\SYSTEM32\dxcore.dll
0x00007ffa483e0000 - 0x00007ffa484fd000 	C:\WINDOWS\System32\MSCTF.dll
0x00007ffa47860000 - 0x00007ffa479fa000 	C:\WINDOWS\System32\ole32.dll
0x00007ffa3d5f0000 - 0x00007ffa3d796000 	C:\WINDOWS\system32\d3d9.dll
0x00007ffa3a450000 - 0x00007ffa3a556000 	C:\WINDOWS\System32\DriverStore\FileRepository\nvmd.inf_amd64_cc1a5d7d67a7b51d\nvldumdx.dll
0x00007ffa45960000 - 0x00007ffa45972000 	C:\WINDOWS\SYSTEM32\msasn1.dll
0x00007ffa40360000 - 0x00007ffa40391000 	C:\WINDOWS\SYSTEM32\cryptnet.dll
0x00007ffa47080000 - 0x00007ffa471e2000 	C:\WINDOWS\System32\CRYPT32.dll
0x00007ffa3dc10000 - 0x00007ffa3dd61000 	C:\WINDOWS\SYSTEM32\drvstore.dll
0x00007ffa46400000 - 0x00007ffa46433000 	C:\WINDOWS\SYSTEM32\devobj.dll
0x00007ffa46440000 - 0x00007ffa4648c000 	C:\WINDOWS\SYSTEM32\cfgmgr32.dll
0x00007ffa45980000 - 0x00007ffa459bf000 	C:\WINDOWS\SYSTEM32\wldp.dll
0x00007ffa45950000 - 0x00007ffa4595c000 	C:\WINDOWS\SYSTEM32\cryptbase.dll
0x00007ffa46830000 - 0x00007ffa46897000 	C:\WINDOWS\System32\WINTRUST.DLL
0x00007ffa47da0000 - 0x00007ffa47dbf000 	C:\WINDOWS\System32\imagehlp.dll
0x00007ffa463e0000 - 0x00007ffa463f8000 	C:\WINDOWS\SYSTEM32\CRYPTSP.dll
0x00007ffa44970000 - 0x00007ffa449a5000 	C:\WINDOWS\system32\rsaenh.dll
0x00007ffa460a0000 - 0x00007ffa460c7000 	C:\WINDOWS\SYSTEM32\bcrypt.dll
0x00007ffa02700000 - 0x00007ffa03fb0000 	C:\WINDOWS\System32\DriverStore\FileRepository\nvmd.inf_amd64_cc1a5d7d67a7b51d\nvd3dumx.dll
0x00007ffa40640000 - 0x00007ffa40684000 	C:\WINDOWS\SYSTEM32\directxdatabasehelper.dll
0x00007ffa46060000 - 0x00007ffa46094000 	C:\WINDOWS\SYSTEM32\ntmarta.dll
0x00007ffa458c0000 - 0x00007ffa458e4000 	C:\WINDOWS\SYSTEM32\gpapi.dll

dbghelp: loaded successfully - version: 4.0.5 - missing functions: none
symbol engine: initialized successfully - sym options: 0x614 - pdb path: .;C:\Program Files\Java\jdk-21\bin;C:\WINDOWS\SYSTEM32;C:\WINDOWS\WinSxS\amd64_microsoft.windows.common-controls_6595b64144ccf1df_6.0.22000.120_none_9d947278b86cc467;C:\Program Files\Java\jdk-21\bin\server;C:\WINDOWS\System32\DriverStore\FileRepository\nvmd.inf_amd64_cc1a5d7d67a7b51d

VM Arguments:
jvm_args: -Dfile.encoding=UTF-8 --module-path=C:\Users\omkar\Documents\NetBeansProjects\bank managment system\build\classes 
java_command: bank.managment.system.Login
java_class_path (initial): C:\Users\omkar\Documents\NetBeansProjects\bank managment system\build\classes
Launcher Type: SUN_STANDARD

[Global flags]
     intx CICompilerCount                          = 3                                         {product} {ergonomic}
     uint ConcGCThreads                            = 1                                         {product} {ergonomic}
     uint G1ConcRefinementThreads                  = 4                                         {product} {ergonomic}
   size_t G1HeapRegionSize                         = 2097152                                   {product} {ergonomic}
    uintx GCDrainStackTargetSize                   = 64                                        {product} {ergonomic}
   size_t InitialHeapSize                          = 201326592                                 {product} {ergonomic}
   size_t MarkStackSize                            = 4194304                                   {product} {ergonomic}
   size_t MaxHeapSize                              = 3206545408                                {product} {ergonomic}
   size_t MaxNewSize                               = 1923088384                                {product} {ergonomic}
   size_t MinHeapDeltaBytes                        = 2097152                                   {product} {ergonomic}
   size_t MinHeapSize                              = 8388608                                   {product} {ergonomic}
    uintx NonNMethodCodeHeapSize                   = 5832780                                {pd product} {ergonomic}
    uintx NonProfiledCodeHeapSize                  = 122912730                              {pd product} {ergonomic}
    uintx ProfiledCodeHeapSize                     = 122912730                              {pd product} {ergonomic}
    uintx ReservedCodeCacheSize                    = 251658240                              {pd product} {ergonomic}
     bool SegmentedCodeCache                       = true                                      {product} {ergonomic}
   size_t SoftMaxHeapSize                          = 3206545408                             {manageable} {ergonomic}
     bool UseCompressedOops                        = true                           {product lp64_product} {ergonomic}
     bool UseG1GC                                  = true                                      {product} {ergonomic}
     bool UseLargePagesIndividualAllocation        = false                                  {pd product} {ergonomic}

Logging:
Log output configuration:
 #0: stdout all=warning uptime,level,tags foldmultilines=false
 #1: stderr all=off uptime,level,tags foldmultilines=false

Environment Variables:
PATH=C:\Program Files\Java\jdk-21\bin;C:\Program Files\MySQL\MySQL Shell 8.0\bin\;C:\Users\omkar\AppData\Local\Microsoft\WindowsApps;C:\Users\omkar\AppData\Local\Programs\Microsoft VS Code\bin
USERNAME=omkar
OS=Windows_NT
PROCESSOR_IDENTIFIER=Intel64 Family 6 Model 158 Stepping 9, GenuineIntel
TMP=C:\Users\omkar\AppData\Local\Temp
TEMP=C:\Users\omkar\AppData\Local\Temp




Periodic native trim disabled

---------------  S Y S T E M  ---------------

OS:
 Windows 11 , 64 bit Build 22000 (10.0.22000.2538)
OS uptime: 0 days 3:09 hours

CPU: total 4 (initial active 4) (2 cores per cpu, 2 threads per core) family 6 model 158 stepping 9 microcode 0xde, cx8, cmov, fxsr, ht, mmx, 3dnowpref, sse, sse2, sse3, ssse3, sse4.1, sse4.2, popcnt, lzcnt, tsc, tscinvbit, avx, avx2, aes, erms, clmul, bmi1, bmi2, adx, fma, vzeroupper, clflush, clflushopt, rdtscp, f16c
Processor Information for all 4 processors :
  Max Mhz: 3900, Current Mhz: 3900, Mhz Limit: 3900

Memory: 4k page, system-wide physical 12225M (3229M free)
TotalPageFile size 40752M (AvailPageFile size 4M)
current process WorkingSet (physical memory assigned to process): 62M, peak: 62M
current process commit charge ("private bytes"): 284M, peak: 284M

vm_info: Java HotSpot(TM) 64-Bit Server VM (21.0.1+12-LTS-29) for windows-amd64 JRE (21.0.1+12-LTS-29), built on 2023-10-05T13:27:09Z by "mach5one" with MS VC++ 17.1 (VS2022)

END.
