#
# There is insufficient memory for the Java Runtime Environment to continue.
# Native memory allocation (mmap) failed to map 65536 bytes for Failed to commit metaspace.
# Possible reasons:
#   The system is out of physical RAM or swap space
#   The process is running with CompressedOops enabled, and the Java Heap may be blocking the growth of the native heap
# Possible solutions:
#   Reduce memory load on the system
#   Increase physical memory or swap space
#   Check if swap backing store is full
#   Decrease Java heap size (-Xmx/-Xms)
#   Decrease number of Java threads
#   Decrease Java thread stack sizes (-Xss)
#   Set larger code cache with -XX:ReservedCodeCacheSize=
#   JVM is running with Zero Based Compressed Oops mode in which the Java heap is
#     placed in the first 32GB address space. The Java Heap base address is the
#     maximum limit for the native heap growth. Please use -XX:HeapBaseMinAddress
#     to set the Java Heap base and to place the Java Heap above 32GB virtual address.
# This output file may be truncated or incomplete.
#
#  Out of Memory Error (virtualSpaceNode.cpp:112), pid=1500, tid=4296
#
# JRE version: Java(TM) SE Runtime Environment (21.0.1+12) (build 21.0.1+12-LTS-29)
# Java VM: Java HotSpot(TM) 64-Bit Server VM (21.0.1+12-LTS-29, mixed mode, sharing, tiered, compressed oops, compressed class ptrs, g1 gc, windows-amd64)
# No core dump will be written. Minidumps are not enabled by default on client versions of Windows
#

---------------  S U M M A R Y ------------

Command Line: -Dfile.encoding=UTF-8 -agentlib:jdwp=transport=dt_shmem,address=javadebug --module-path=C:\Users\omkar\Documents\NetBeansProjects\bank managment system\build\classes bank.managment.system.Login

Host: Intel(R) Core(TM) i3-7100 CPU @ 3.90GHz, 4 cores, 11G,  Windows 11 , 64 bit Build 22000 (10.0.22000.2538)
Time: Wed Mar 20 20:16:16 2024 India Standard Time elapsed time: 1.052876 seconds (0d 0h 0m 1s)

---------------  T H R E A D  ---------------

Current thread (0x0000025c40a45d80):  JavaThread "main"             [_thread_in_vm, id=4296, stack(0x000000862e700000,0x000000862e800000) (1024K)]

Stack: [0x000000862e700000,0x000000862e800000]
Native frames: (J=compiled Java code, j=interpreted, Vv=VM code, C=native code)
V  [jvm.dll+0x6c9029]
V  [jvm.dll+0x854b81]
V  [jvm.dll+0x856e5e]
V  [jvm.dll+0x857543]
V  [jvm.dll+0x280c06]
V  [jvm.dll+0x8508ae]
V  [jvm.dll+0x66ca45]
V  [jvm.dll+0x66caaa]
V  [jvm.dll+0x66f2a6]
V  [jvm.dll+0x66f172]
V  [jvm.dll+0x66d41e]
V  [jvm.dll+0x26b2df]
V  [jvm.dll+0x677615]
V  [jvm.dll+0x217a53]
V  [jvm.dll+0x217f95]
V  [jvm.dll+0x2189b1]
V  [jvm.dll+0x20dc4e]
V  [jvm.dll+0x5ac6dc]
V  [jvm.dll+0x21f67a]
V  [jvm.dll+0x7ccde1]
V  [jvm.dll+0x7cde45]
V  [jvm.dll+0x7ce3ef]
V  [jvm.dll+0x7ce098]
V  [jvm.dll+0x26ebdb]
V  [jvm.dll+0x26ee0a]
V  [jvm.dll+0x5cf3e7]
V  [jvm.dll+0x5d239f]
V  [jvm.dll+0x3d7360]
V  [jvm.dll+0x3d69dd]
C  0x0000025c51de48e0

The last pc belongs to invokestatic (printed below).
Java frames: (J=compiled Java code, j=interpreted, Vv=VM code)
j  java.awt.Component.<clinit>()V+93 java.desktop@21.0.1
v  ~StubRoutines::call_stub 0x0000025c51dc100d
invokestatic  184 invokestatic  [0x0000025c51de4840, 0x0000025c51de4bb0]  880 bytes
[MachCode]
  0x0000025c51de4840: 4883 ec08 | c5fa 1104 | 24eb 1f48 | 83ec 10c5 | fb11 0424 | eb14 4883 | ec10 4889 | 0424 48c7 
  0x0000025c51de4860: 4424 0800 | 0000 00eb | 0150 4c89 | 6dc0 410f | b755 0148 | 8b4d d0c1 | e202 8b5c | d138 c1eb 
  0x0000025c51de4880: 1081 e3ff | 0000 0081 | fbb8 0000 | 000f 846b | 0100 00bb | b800 0000 | e805 0000 | 00e9 5001 
  0x0000025c51de48a0: 0000 488b | d348 8d44 | 2408 4c89 | 6dc0 498b | cfc5 f877 | 4989 afa8 | 0300 0049 | 8987 9803 
  0x0000025c51de48c0: 0000 4883 | ec20 40f6 | c40f 0f84 | 1900 0000 | 4883 ec08 | 48b8 7069 | 7013 fa7f | 0000 ffd0 
  0x0000025c51de48e0: 4883 c408 | e90c 0000 | 0048 b870 | 6970 13fa | 7f00 00ff | d048 83c4 | 2049 c787 | 9803 0000 
  0x0000025c51de4900: 0000 0000 | 49c7 87a8 | 0300 0000 | 0000 0049 | c787 a003 | 0000 0000 | 0000 c5f8 | 7741 8b8f 
  0x0000025c51de4920: 2c05 0000 | f6c1 010f | 8442 0000 | 00f6 c102 | 0f85 3900 | 0000 4883 | ec20 40f6 | c40f 0f84 
  0x0000025c51de4940: 1900 0000 | 4883 ec08 | 48b8 b013 | 7013 fa7f | 0000 ffd0 | 4883 c408 | e90c 0000 | 0048 b8b0 
  0x0000025c51de4960: 1370 13fa | 7f00 00ff | d048 83c4 | 20ff e049 | 8b8f d805 | 0000 4885 | c90f 8455 | 0000 008b 
  0x0000025c51de4980: 899c 0000 | 0083 f901 | 0f85 4600 | 0000 498b | 8fd8 0500 | 008b 89a0 | 0000 0048 | 83ec 2040 
  0x0000025c51de49a0: f6c4 0f0f | 8419 0000 | 0048 83ec | 0848 b8a0 | 1370 13fa | 7f00 00ff | d048 83c4 | 08e9 0c00 
  0x0000025c51de49c0: 0000 48b8 | a013 7013 | fa7f 0000 | ffd0 4883 | c420 ffe0 | 4983 7f08 | 000f 8405 | 0000 00e9 
  0x0000025c51de49e0: 1cc5 fdff | 4c8b 6dc0 | 4c8b 75c8 | 4e8d 74f5 | 00c3 410f | b755 0148 | 8b4d d0c1 | e202 488b 
  0x0000025c51de4a00: 5cd1 4048 | 8b5b 0848 | 8b5b 0848 | 8b5b 1880 | bb20 0100 | 0005 0f84 | 0d00 0000 | 4c3b bb30 
  0x0000025c51de4a20: 0100 000f | 856a feff | ff48 8b5c | d140 8b54 | d150 c1ea | 1c49 ba90 | 9ef7 13fa | 7f00 0049 
  0x0000025c51de4a40: 8b14 d252 | 488b 45d8 | 4885 c00f | 8412 0000 | 0048 8340 | 0801 4883 | 5808 0048 | 83c0 1048 
  0x0000025c51de4a60: 8945 d848 | 8b45 d848 | 85c0 0f84 | 2301 0000 | 8078 f00a | 0f85 1901 | 0000 4883 | c008 4c8b 
  0x0000025c51de4a80: 68f8 4183 | ed00 4183 | fd02 0f8c | f800 0000 | 4c8b 6b08 | 450f b76d | 2e4c 2b28 | 4183 ed01 
  0x0000025c51de4aa0: 4e8b 6cec | 084d 85ed | 7507 4883 | 4808 01eb | 4a45 8b6d | 0849 ba00 | 0000 605c | 0200 004d 
  0x0000025c51de4ac0: 03ea 4c33 | 6808 49f7 | c5fc ffff | ff74 2c41 | f6c5 0275 | 2648 8378 | 0800 741b | 4883 7808 
  0x0000025c51de4ae0: 0174 144c | 3368 0849 | f7c5 fcff | ffff 740b | 4883 4808 | 02eb 044c | 8968 0848 | 83c0 104c 
  0x0000025c51de4b00: 8b68 e841 | 83ed 0241 | 83fd 020f | 8c77 0000 | 004c 8b6b | 0845 0fb7 | 6d2e 4c2b | 2841 83ed 
  0x0000025c51de4b20: 014e 8b6c | ec08 4d85 | ed75 0748 | 8348 0801 | eb4a 458b | 6d08 49ba | 0000 0060 | 5c02 0000 
  0x0000025c51de4b40: 4d03 ea4c | 3368 0849 | f7c5 fcff | ffff 742c | 41f6 c502 | 7526 4883 | 7808 0074 | 1b48 8378 
  0x0000025c51de4b60: 0801 7414 | 4c33 6808 | 49f7 c5fc | ffff ff74 | 0b48 8348 | 0802 eb04 | 4c89 6808 | 4883 c010 
  0x0000025c51de4b80: 4c8b 68d8 | 4183 ed04 | 41c1 e503 | 4903 c548 | 8945 d84c | 8d6c 2408 | 4c89 6df0 | 4180 bfe0 
  0x0000025c51de4ba0: 0500 0000 | 7403 ff63 | 38ff 6350 | 0f1f 4000 
[/MachCode]

---------------  P R O C E S S  ---------------

Threads class SMR info:
_java_thread_list=0x0000025ca13f4520, length=14, elements={
0x0000025c40a45d80, 0x0000025ca1156030, 0x0000025ca11596c0, 0x0000025ca115a860,
0x0000025ca115aed0, 0x0000025ca115b540, 0x0000025ca115fbc0, 0x0000025ca1162570,
0x0000025ca11ca3a0, 0x0000025ca11fe8d0, 0x0000025ca132ef10, 0x0000025ca13024a0,
0x0000025ca1302b20, 0x0000025ca13031a0
}

Java Threads: ( => current thread )
=>0x0000025c40a45d80 JavaThread "main"                              [_thread_in_vm, id=4296, stack(0x000000862e700000,0x000000862e800000) (1024K)]
  0x0000025ca1156030 JavaThread "Reference Handler"          daemon [_thread_blocked, id=8560, stack(0x000000862f000000,0x000000862f100000) (1024K)]
  0x0000025ca11596c0 JavaThread "Finalizer"                  daemon [_thread_blocked, id=16756, stack(0x000000862f100000,0x000000862f200000) (1024K)]
  0x0000025ca115a860 JavaThread "Signal Dispatcher"          daemon [_thread_blocked, id=3600, stack(0x000000862f200000,0x000000862f300000) (1024K)]
  0x0000025ca115aed0 JavaThread "Attach Listener"            daemon [_thread_blocked, id=17548, stack(0x000000862f300000,0x000000862f400000) (1024K)]
  0x0000025ca115b540 JavaThread "Service Thread"             daemon [_thread_blocked, id=22972, stack(0x000000862f400000,0x000000862f500000) (1024K)]
  0x0000025ca115fbc0 JavaThread "Monitor Deflation Thread"   daemon [_thread_blocked, id=17028, stack(0x000000862f500000,0x000000862f600000) (1024K)]
  0x0000025ca1162570 JavaThread "C2 CompilerThread0"         daemon [_thread_blocked, id=7372, stack(0x000000862f600000,0x000000862f700000) (1024K)]
  0x0000025ca11ca3a0 JavaThread "C1 CompilerThread0"         daemon [_thread_blocked, id=11164, stack(0x000000862f700000,0x000000862f800000) (1024K)]
  0x0000025ca11fe8d0 JavaThread "Common-Cleaner"             daemon [_thread_blocked, id=12648, stack(0x000000862f800000,0x000000862f900000) (1024K)]
  0x0000025ca132ef10 JavaThread "JDWP Transport Listener: dt_shmem" daemon [_thread_blocked, id=22360, stack(0x000000862f900000,0x000000862fa00000) (1024K)]
  0x0000025ca13024a0 JavaThread "JDWP Event Helper Thread"   daemon [_thread_blocked, id=9864, stack(0x000000862fa00000,0x000000862fb00000) (1024K)]
  0x0000025ca1302b20 JavaThread "JDWP Command Reader"        daemon [_thread_in_native, id=3720, stack(0x000000862fb00000,0x000000862fc00000) (1024K)]
  0x0000025ca13031a0 JavaThread "Notification Thread"        daemon [_thread_blocked, id=11412, stack(0x000000862fc00000,0x000000862fd00000) (1024K)]
Total: 14

Other Threads:
  0x0000025ca11362c0 VMThread "VM Thread"                           [id=14236, stack(0x000000862ee00000,0x000000862ef00000) (1024K)]
  0x0000025ca11211e0 WatcherThread "VM Periodic Task Thread"        [id=10336, stack(0x000000862ed00000,0x000000862ee00000) (1024K)]
  0x0000025c40c76010 WorkerThread "GC Thread#0"                     [id=23328, stack(0x000000862e800000,0x000000862e900000) (1024K)]
  0x0000025c40c83d40 ConcurrentGCThread "G1 Main Marker"            [id=7840, stack(0x000000862e900000,0x000000862ea00000) (1024K)]
  0x0000025c40c84fe0 WorkerThread "G1 Conc#0"                       [id=11764, stack(0x000000862ea00000,0x000000862eb00000) (1024K)]
  0x0000025c40cf2080 ConcurrentGCThread "G1 Refine#0"               [id=20504, stack(0x000000862eb00000,0x000000862ec00000) (1024K)]
  0x0000025c40cf4810 ConcurrentGCThread "G1 Service"                [id=15208, stack(0x000000862ec00000,0x000000862ed00000) (1024K)]
Total: 7

Threads with active compile tasks:
Total: 0

VM state: not at safepoint (normal execution)

VM Mutex/Monitor currently owned by a thread:  ([mutex/lock_event])
[0x00007ffa13f68578] Metaspace_lock - owner thread: 0x0000025c40a45d80

Heap address: 0x0000000740e00000, size: 3058 MB, Compressed Oops mode: Zero based, Oop shift amount: 3

CDS archive(s) mapped at: [0x0000025c60000000-0x0000025c60c90000-0x0000025c60c90000), size 13172736, SharedBaseAddress: 0x0000025c60000000, ArchiveRelocationMode: 1.
Compressed class space mapped at: 0x0000025c61000000-0x0000025ca1000000, reserved size: 1073741824
Narrow klass base: 0x0000025c60000000, Narrow klass shift: 0, Narrow klass range: 0x100000000

GC Precious Log:
 CardTable entry size: 512
 Card Set container configuration: InlinePtr #cards 4 size 8 Array Of Cards #cards 16 size 48 Howl #buckets 8 coarsen threshold 3686 Howl Bitmap #cards 512 size 80 coarsen threshold 460 Card regions per heap region 1 cards per card region 4096
 CPUs: 4 total, 4 available
 Memory: 12225M
 Large Page Support: Disabled
 NUMA Support: Disabled
 Compressed Oops: Enabled (Zero based)
 Heap Region Size: 2M
 Heap Min Capacity: 8M
 Heap Initial Capacity: 192M
 Heap Max Capacity: 3058M
 Pre-touch: Disabled
 Parallel Workers: 4
 Concurrent Workers: 1
 Concurrent Refinement Workers: 4
 Periodic GC: Disabled

Heap:
 garbage-first heap   total 196608K, used 2048K [0x0000000740e00000, 0x0000000800000000)
  region size 2048K, 2 young (4096K), 0 survivors (0K)
 Metaspace       used 1054K, committed 1216K, reserved 1114112K
  class space    used 88K, committed 192K, reserved 1048576K

Heap Regions: E=young(eden), S=young(survivor), O=old, HS=humongous(starts), HC=humongous(continues), CS=collection set, F=free, TAMS=top-at-mark-start, PB=parsable bottom
|   0|0x0000000740e00000, 0x0000000740e00000, 0x0000000741000000|  0%| F|  |TAMS 0x0000000740e00000| PB 0x0000000740e00000| Untracked 
|   1|0x0000000741000000, 0x0000000741000000, 0x0000000741200000|  0%| F|  |TAMS 0x0000000741000000| PB 0x0000000741000000| Untracked 
|   2|0x0000000741200000, 0x0000000741200000, 0x0000000741400000|  0%| F|  |TAMS 0x0000000741200000| PB 0x0000000741200000| Untracked 
|   3|0x0000000741400000, 0x0000000741400000, 0x0000000741600000|  0%| F|  |TAMS 0x0000000741400000| PB 0x0000000741400000| Untracked 
|   4|0x0000000741600000, 0x0000000741600000, 0x0000000741800000|  0%| F|  |TAMS 0x0000000741600000| PB 0x0000000741600000| Untracked 
|   5|0x0000000741800000, 0x0000000741800000, 0x0000000741a00000|  0%| F|  |TAMS 0x0000000741800000| PB 0x0000000741800000| Untracked 
|   6|0x0000000741a00000, 0x0000000741a00000, 0x0000000741c00000|  0%| F|  |TAMS 0x0000000741a00000| PB 0x0000000741a00000| Untracked 
|   7|0x0000000741c00000, 0x0000000741c00000, 0x0000000741e00000|  0%| F|  |TAMS 0x0000000741c00000| PB 0x0000000741c00000| Untracked 
|   8|0x0000000741e00000, 0x0000000741e00000, 0x0000000742000000|  0%| F|  |TAMS 0x0000000741e00000| PB 0x0000000741e00000| Untracked 
|   9|0x0000000742000000, 0x0000000742000000, 0x0000000742200000|  0%| F|  |TAMS 0x0000000742000000| PB 0x0000000742000000| Untracked 
|  10|0x0000000742200000, 0x0000000742200000, 0x0000000742400000|  0%| F|  |TAMS 0x0000000742200000| PB 0x0000000742200000| Untracked 
|  11|0x0000000742400000, 0x0000000742400000, 0x0000000742600000|  0%| F|  |TAMS 0x0000000742400000| PB 0x0000000742400000| Untracked 
|  12|0x0000000742600000, 0x0000000742600000, 0x0000000742800000|  0%| F|  |TAMS 0x0000000742600000| PB 0x0000000742600000| Untracked 
|  13|0x0000000742800000, 0x0000000742800000, 0x0000000742a00000|  0%| F|  |TAMS 0x0000000742800000| PB 0x0000000742800000| Untracked 
|  14|0x0000000742a00000, 0x0000000742a00000, 0x0000000742c00000|  0%| F|  |TAMS 0x0000000742a00000| PB 0x0000000742a00000| Untracked 
|  15|0x0000000742c00000, 0x0000000742c00000, 0x0000000742e00000|  0%| F|  |TAMS 0x0000000742c00000| PB 0x0000000742c00000| Untracked 
|  16|0x0000000742e00000, 0x0000000742e00000, 0x0000000743000000|  0%| F|  |TAMS 0x0000000742e00000| PB 0x0000000742e00000| Untracked 
|  17|0x0000000743000000, 0x0000000743000000, 0x0000000743200000|  0%| F|  |TAMS 0x0000000743000000| PB 0x0000000743000000| Untracked 
|  18|0x0000000743200000, 0x0000000743200000, 0x0000000743400000|  0%| F|  |TAMS 0x0000000743200000| PB 0x0000000743200000| Untracked 
|  19|0x0000000743400000, 0x0000000743400000, 0x0000000743600000|  0%| F|  |TAMS 0x0000000743400000| PB 0x0000000743400000| Untracked 
|  20|0x0000000743600000, 0x0000000743600000, 0x0000000743800000|  0%| F|  |TAMS 0x0000000743600000| PB 0x0000000743600000| Untracked 
|  21|0x0000000743800000, 0x0000000743800000, 0x0000000743a00000|  0%| F|  |TAMS 0x0000000743800000| PB 0x0000000743800000| Untracked 
|  22|0x0000000743a00000, 0x0000000743a00000, 0x0000000743c00000|  0%| F|  |TAMS 0x0000000743a00000| PB 0x0000000743a00000| Untracked 
|  23|0x0000000743c00000, 0x0000000743c00000, 0x0000000743e00000|  0%| F|  |TAMS 0x0000000743c00000| PB 0x0000000743c00000| Untracked 
|  24|0x0000000743e00000, 0x0000000743e00000, 0x0000000744000000|  0%| F|  |TAMS 0x0000000743e00000| PB 0x0000000743e00000| Untracked 
|  25|0x0000000744000000, 0x0000000744000000, 0x0000000744200000|  0%| F|  |TAMS 0x0000000744000000| PB 0x0000000744000000| Untracked 
|  26|0x0000000744200000, 0x0000000744200000, 0x0000000744400000|  0%| F|  |TAMS 0x0000000744200000| PB 0x0000000744200000| Untracked 
|  27|0x0000000744400000, 0x0000000744400000, 0x0000000744600000|  0%| F|  |TAMS 0x0000000744400000| PB 0x0000000744400000| Untracked 
|  28|0x0000000744600000, 0x0000000744600000, 0x0000000744800000|  0%| F|  |TAMS 0x0000000744600000| PB 0x0000000744600000| Untracked 
|  29|0x0000000744800000, 0x0000000744800000, 0x0000000744a00000|  0%| F|  |TAMS 0x0000000744800000| PB 0x0000000744800000| Untracked 
|  30|0x0000000744a00000, 0x0000000744a00000, 0x0000000744c00000|  0%| F|  |TAMS 0x0000000744a00000| PB 0x0000000744a00000| Untracked 
|  31|0x0000000744c00000, 0x0000000744c00000, 0x0000000744e00000|  0%| F|  |TAMS 0x0000000744c00000| PB 0x0000000744c00000| Untracked 
|  32|0x0000000744e00000, 0x0000000744e00000, 0x0000000745000000|  0%| F|  |TAMS 0x0000000744e00000| PB 0x0000000744e00000| Untracked 
|  33|0x0000000745000000, 0x0000000745000000, 0x0000000745200000|  0%| F|  |TAMS 0x0000000745000000| PB 0x0000000745000000| Untracked 
|  34|0x0000000745200000, 0x0000000745200000, 0x0000000745400000|  0%| F|  |TAMS 0x0000000745200000| PB 0x0000000745200000| Untracked 
|  35|0x0000000745400000, 0x0000000745400000, 0x0000000745600000|  0%| F|  |TAMS 0x0000000745400000| PB 0x0000000745400000| Untracked 
|  36|0x0000000745600000, 0x0000000745600000, 0x0000000745800000|  0%| F|  |TAMS 0x0000000745600000| PB 0x0000000745600000| Untracked 
|  37|0x0000000745800000, 0x0000000745800000, 0x0000000745a00000|  0%| F|  |TAMS 0x0000000745800000| PB 0x0000000745800000| Untracked 
|  38|0x0000000745a00000, 0x0000000745a00000, 0x0000000745c00000|  0%| F|  |TAMS 0x0000000745a00000| PB 0x0000000745a00000| Untracked 
|  39|0x0000000745c00000, 0x0000000745c00000, 0x0000000745e00000|  0%| F|  |TAMS 0x0000000745c00000| PB 0x0000000745c00000| Untracked 
|  40|0x0000000745e00000, 0x0000000745e00000, 0x0000000746000000|  0%| F|  |TAMS 0x0000000745e00000| PB 0x0000000745e00000| Untracked 
|  41|0x0000000746000000, 0x0000000746000000, 0x0000000746200000|  0%| F|  |TAMS 0x0000000746000000| PB 0x0000000746000000| Untracked 
|  42|0x0000000746200000, 0x0000000746200000, 0x0000000746400000|  0%| F|  |TAMS 0x0000000746200000| PB 0x0000000746200000| Untracked 
|  43|0x0000000746400000, 0x0000000746400000, 0x0000000746600000|  0%| F|  |TAMS 0x0000000746400000| PB 0x0000000746400000| Untracked 
|  44|0x0000000746600000, 0x0000000746600000, 0x0000000746800000|  0%| F|  |TAMS 0x0000000746600000| PB 0x0000000746600000| Untracked 
|  45|0x0000000746800000, 0x0000000746800000, 0x0000000746a00000|  0%| F|  |TAMS 0x0000000746800000| PB 0x0000000746800000| Untracked 
|  46|0x0000000746a00000, 0x0000000746a00000, 0x0000000746c00000|  0%| F|  |TAMS 0x0000000746a00000| PB 0x0000000746a00000| Untracked 
|  47|0x0000000746c00000, 0x0000000746c00000, 0x0000000746e00000|  0%| F|  |TAMS 0x0000000746c00000| PB 0x0000000746c00000| Untracked 
|  48|0x0000000746e00000, 0x0000000746e00000, 0x0000000747000000|  0%| F|  |TAMS 0x0000000746e00000| PB 0x0000000746e00000| Untracked 
|  49|0x0000000747000000, 0x0000000747000000, 0x0000000747200000|  0%| F|  |TAMS 0x0000000747000000| PB 0x0000000747000000| Untracked 
|  50|0x0000000747200000, 0x0000000747200000, 0x0000000747400000|  0%| F|  |TAMS 0x0000000747200000| PB 0x0000000747200000| Untracked 
|  51|0x0000000747400000, 0x0000000747400000, 0x0000000747600000|  0%| F|  |TAMS 0x0000000747400000| PB 0x0000000747400000| Untracked 
|  52|0x0000000747600000, 0x0000000747600000, 0x0000000747800000|  0%| F|  |TAMS 0x0000000747600000| PB 0x0000000747600000| Untracked 
|  53|0x0000000747800000, 0x0000000747800000, 0x0000000747a00000|  0%| F|  |TAMS 0x0000000747800000| PB 0x0000000747800000| Untracked 
|  54|0x0000000747a00000, 0x0000000747a00000, 0x0000000747c00000|  0%| F|  |TAMS 0x0000000747a00000| PB 0x0000000747a00000| Untracked 
|  55|0x0000000747c00000, 0x0000000747c00000, 0x0000000747e00000|  0%| F|  |TAMS 0x0000000747c00000| PB 0x0000000747c00000| Untracked 
|  56|0x0000000747e00000, 0x0000000747e00000, 0x0000000748000000|  0%| F|  |TAMS 0x0000000747e00000| PB 0x0000000747e00000| Untracked 
|  57|0x0000000748000000, 0x0000000748000000, 0x0000000748200000|  0%| F|  |TAMS 0x0000000748000000| PB 0x0000000748000000| Untracked 
|  58|0x0000000748200000, 0x0000000748200000, 0x0000000748400000|  0%| F|  |TAMS 0x0000000748200000| PB 0x0000000748200000| Untracked 
|  59|0x0000000748400000, 0x0000000748400000, 0x0000000748600000|  0%| F|  |TAMS 0x0000000748400000| PB 0x0000000748400000| Untracked 
|  60|0x0000000748600000, 0x0000000748600000, 0x0000000748800000|  0%| F|  |TAMS 0x0000000748600000| PB 0x0000000748600000| Untracked 
|  61|0x0000000748800000, 0x0000000748800000, 0x0000000748a00000|  0%| F|  |TAMS 0x0000000748800000| PB 0x0000000748800000| Untracked 
|  62|0x0000000748a00000, 0x0000000748a00000, 0x0000000748c00000|  0%| F|  |TAMS 0x0000000748a00000| PB 0x0000000748a00000| Untracked 
|  63|0x0000000748c00000, 0x0000000748c00000, 0x0000000748e00000|  0%| F|  |TAMS 0x0000000748c00000| PB 0x0000000748c00000| Untracked 
|  64|0x0000000748e00000, 0x0000000748e00000, 0x0000000749000000|  0%| F|  |TAMS 0x0000000748e00000| PB 0x0000000748e00000| Untracked 
|  65|0x0000000749000000, 0x0000000749000000, 0x0000000749200000|  0%| F|  |TAMS 0x0000000749000000| PB 0x0000000749000000| Untracked 
|  66|0x0000000749200000, 0x0000000749200000, 0x0000000749400000|  0%| F|  |TAMS 0x0000000749200000| PB 0x0000000749200000| Untracked 
|  67|0x0000000749400000, 0x0000000749400000, 0x0000000749600000|  0%| F|  |TAMS 0x0000000749400000| PB 0x0000000749400000| Untracked 
|  68|0x0000000749600000, 0x0000000749600000, 0x0000000749800000|  0%| F|  |TAMS 0x0000000749600000| PB 0x0000000749600000| Untracked 
|  69|0x0000000749800000, 0x0000000749800000, 0x0000000749a00000|  0%| F|  |TAMS 0x0000000749800000| PB 0x0000000749800000| Untracked 
|  70|0x0000000749a00000, 0x0000000749a00000, 0x0000000749c00000|  0%| F|  |TAMS 0x0000000749a00000| PB 0x0000000749a00000| Untracked 
|  71|0x0000000749c00000, 0x0000000749c00000, 0x0000000749e00000|  0%| F|  |TAMS 0x0000000749c00000| PB 0x0000000749c00000| Untracked 
|  72|0x0000000749e00000, 0x0000000749e00000, 0x000000074a000000|  0%| F|  |TAMS 0x0000000749e00000| PB 0x0000000749e00000| Untracked 
|  73|0x000000074a000000, 0x000000074a000000, 0x000000074a200000|  0%| F|  |TAMS 0x000000074a000000| PB 0x000000074a000000| Untracked 
|  74|0x000000074a200000, 0x000000074a200000, 0x000000074a400000|  0%| F|  |TAMS 0x000000074a200000| PB 0x000000074a200000| Untracked 
|  75|0x000000074a400000, 0x000000074a400000, 0x000000074a600000|  0%| F|  |TAMS 0x000000074a400000| PB 0x000000074a400000| Untracked 
|  76|0x000000074a600000, 0x000000074a600000, 0x000000074a800000|  0%| F|  |TAMS 0x000000074a600000| PB 0x000000074a600000| Untracked 
|  77|0x000000074a800000, 0x000000074a800000, 0x000000074aa00000|  0%| F|  |TAMS 0x000000074a800000| PB 0x000000074a800000| Untracked 
|  78|0x000000074aa00000, 0x000000074aa00000, 0x000000074ac00000|  0%| F|  |TAMS 0x000000074aa00000| PB 0x000000074aa00000| Untracked 
|  79|0x000000074ac00000, 0x000000074ac00000, 0x000000074ae00000|  0%| F|  |TAMS 0x000000074ac00000| PB 0x000000074ac00000| Untracked 
|  80|0x000000074ae00000, 0x000000074ae00000, 0x000000074b000000|  0%| F|  |TAMS 0x000000074ae00000| PB 0x000000074ae00000| Untracked 
|  81|0x000000074b000000, 0x000000074b000000, 0x000000074b200000|  0%| F|  |TAMS 0x000000074b000000| PB 0x000000074b000000| Untracked 
|  82|0x000000074b200000, 0x000000074b200000, 0x000000074b400000|  0%| F|  |TAMS 0x000000074b200000| PB 0x000000074b200000| Untracked 
|  83|0x000000074b400000, 0x000000074b400000, 0x000000074b600000|  0%| F|  |TAMS 0x000000074b400000| PB 0x000000074b400000| Untracked 
|  84|0x000000074b600000, 0x000000074b600000, 0x000000074b800000|  0%| F|  |TAMS 0x000000074b600000| PB 0x000000074b600000| Untracked 
|  85|0x000000074b800000, 0x000000074b800000, 0x000000074ba00000|  0%| F|  |TAMS 0x000000074b800000| PB 0x000000074b800000| Untracked 
|  86|0x000000074ba00000, 0x000000074ba00000, 0x000000074bc00000|  0%| F|  |TAMS 0x000000074ba00000| PB 0x000000074ba00000| Untracked 
|  87|0x000000074bc00000, 0x000000074bc00000, 0x000000074be00000|  0%| F|  |TAMS 0x000000074bc00000| PB 0x000000074bc00000| Untracked 
|  88|0x000000074be00000, 0x000000074be00000, 0x000000074c000000|  0%| F|  |TAMS 0x000000074be00000| PB 0x000000074be00000| Untracked 
|  89|0x000000074c000000, 0x000000074c000000, 0x000000074c200000|  0%| F|  |TAMS 0x000000074c000000| PB 0x000000074c000000| Untracked 
|  90|0x000000074c200000, 0x000000074c200000, 0x000000074c400000|  0%| F|  |TAMS 0x000000074c200000| PB 0x000000074c200000| Untracked 
|  91|0x000000074c400000, 0x000000074c400000, 0x000000074c600000|  0%| F|  |TAMS 0x000000074c400000| PB 0x000000074c400000| Untracked 
|  92|0x000000074c600000, 0x000000074c600000, 0x000000074c800000|  0%| F|  |TAMS 0x000000074c600000| PB 0x000000074c600000| Untracked 
|  93|0x000000074c800000, 0x000000074c800000, 0x000000074ca00000|  0%| F|  |TAMS 0x000000074c800000| PB 0x000000074c800000| Untracked 
|  94|0x000000074ca00000, 0x000000074cab8dd8, 0x000000074cc00000| 36%| E|  |TAMS 0x000000074ca00000| PB 0x000000074ca00000| Complete 
|  95|0x000000074cc00000, 0x000000074ce00000, 0x000000074ce00000|100%| E|CS|TAMS 0x000000074cc00000| PB 0x000000074cc00000| Complete 

Card table byte_map: [0x0000025c5a4b0000,0x0000025c5aab0000] _byte_map_base: 0x0000025c56aa9000

Marking Bits: (CMBitMap*) 0x0000025c40c76710
 Bits: [0x0000025c5aab0000, 0x0000025c5da78000)

Polling page: 0x0000025c40d00000

Metaspace:

Usage:
  Non-class:    965.96 KB used.
      Class:     88.90 KB used.
       Both:      1.03 MB used.

Virtual space:
  Non-class space:       64.00 MB reserved,       1.00 MB (  2%) committed,  1 nodes.
      Class space:        1.00 GB reserved,     192.00 KB ( <1%) committed,  1 nodes.
             Both:        1.06 GB reserved,       1.19 MB ( <1%) committed. 

Chunk freelists:
   Non-Class:  11.99 MB
       Class:  15.74 MB
        Both:  27.73 MB

MaxMetaspaceSize: unlimited
CompressedClassSpaceSize: 1.00 GB
Initial GC threshold: 21.00 MB
Current GC threshold: 21.00 MB
CDS: on
 - commit_granule_bytes: 65536.
 - commit_granule_words: 8192.
 - virtual_space_node_default_size: 8388608.
 - enlarge_chunks_in_place: 1.
 - use_allocation_guard: 0.


Internal statistics:

num_allocs_failed_limit: 0.
num_arena_births: 8.
num_arena_deaths: 0.
num_vsnodes_births: 2.
num_vsnodes_deaths: 0.
num_space_committed: 19.
num_space_uncommitted: 0.
num_chunks_returned_to_freelist: 0.
num_chunks_taken_from_freelist: 9.
num_chunk_merges: 0.
num_chunk_splits: 5.
num_chunks_enlarged: 2.
num_inconsistent_stats: 0.

CodeHeap 'non-profiled nmethods': size=120000Kb used=73Kb max_used=73Kb free=119926Kb
 bounds [0x0000025c52360000, 0x0000025c525d0000, 0x0000025c59890000]
CodeHeap 'profiled nmethods': size=120000Kb used=233Kb max_used=233Kb free=119766Kb
 bounds [0x0000025c4a890000, 0x0000025c4ab00000, 0x0000025c51dc0000]
CodeHeap 'non-nmethods': size=5760Kb used=1340Kb max_used=1354Kb free=4419Kb
 bounds [0x0000025c51dc0000, 0x0000025c52030000, 0x0000025c52360000]
 total_blobs=607 nmethods=212 adapters=300
 compilation: enabled
              stopped_count=0, restarted_count=0
 full_count=0

Compilation events (20 events):
Event: 1.035 Thread 0x0000025ca11ca3a0  202       3       sun.nio.fs.WindowsPathParser::isSlash (18 bytes)
Event: 1.035 Thread 0x0000025ca11ca3a0 nmethod 202 0x0000025c4a8c6690 code [0x0000025c4a8c6820, 0x0000025c4a8c69a0]
Event: 1.038 Thread 0x0000025ca11ca3a0  203       3       java.lang.ref.Reference::reachabilityFence (1 bytes)
Event: 1.038 Thread 0x0000025ca11ca3a0 nmethod 203 0x0000025c4a8c6a10 code [0x0000025c4a8c6ba0, 0x0000025c4a8c6c90]
Event: 1.038 Thread 0x0000025ca11ca3a0  204       3       java.lang.System::getSecurityManager (12 bytes)
Event: 1.038 Thread 0x0000025ca11ca3a0 nmethod 204 0x0000025c4a8c6d10 code [0x0000025c4a8c6ec0, 0x0000025c4a8c7030]
Event: 1.038 Thread 0x0000025ca11ca3a0  205       3       java.lang.System::allowSecurityManager (13 bytes)
Event: 1.038 Thread 0x0000025ca11ca3a0 nmethod 205 0x0000025c4a8c7110 code [0x0000025c4a8c72a0, 0x0000025c4a8c73a0]
Event: 1.040 Thread 0x0000025ca11ca3a0  206       3       java.nio.Buffer::session (20 bytes)
Event: 1.040 Thread 0x0000025ca11ca3a0 nmethod 206 0x0000025c4a8c7410 code [0x0000025c4a8c75e0, 0x0000025c4a8c78d0]
Event: 1.041 Thread 0x0000025ca11ca3a0  207       3       java.nio.Buffer::checkIndex (12 bytes)
Event: 1.041 Thread 0x0000025ca11ca3a0 nmethod 207 0x0000025c4a8c7990 code [0x0000025c4a8c7b40, 0x0000025c4a8c7ca0]
Event: 1.041 Thread 0x0000025ca11ca3a0  208   !   3       java.nio.DirectByteBuffer::get (34 bytes)
Event: 1.042 Thread 0x0000025ca11ca3a0 nmethod 208 0x0000025c4a8c7d90 code [0x0000025c4a8c8000, 0x0000025c4a8c89a8]
Event: 1.042 Thread 0x0000025ca1162570  210       4       java.lang.String::charAt (25 bytes)
Event: 1.043 Thread 0x0000025ca1162570 nmethod 210 0x0000025c52372010 code [0x0000025c523721a0, 0x0000025c523722f8]
Event: 1.043 Thread 0x0000025ca11ca3a0  211       3       java.nio.DirectByteBuffer::ix (10 bytes)
Event: 1.043 Thread 0x0000025ca11ca3a0 nmethod 211 0x0000025c4a8c8e90 code [0x0000025c4a8c9020, 0x0000025c4a8c9138]
Event: 1.044 Thread 0x0000025ca11ca3a0  212       3       jdk.internal.jimage.ImageStringsReader::unmaskedHashCode (166 bytes)
Event: 1.044 Thread 0x0000025ca11ca3a0 nmethod 212 0x0000025c4a8c9210 code [0x0000025c4a8c9460, 0x0000025c4a8c9ff8]

GC Heap History (0 events):
No events

Dll operation events (5 events):
Event: 0.013 Loaded shared library C:\Program Files\Java\jdk-21\bin\java.dll
Event: 0.041 Loaded shared library C:\Program Files\Java\jdk-21\bin\jsvml.dll
Event: 0.186 Loaded shared library C:\Program Files\Java\jdk-21\bin\net.dll
Event: 0.190 Loaded shared library C:\Program Files\Java\jdk-21\bin\nio.dll
Event: 1.037 Loaded shared library C:\Program Files\Java\jdk-21\bin\jimage.dll

Deoptimization events (0 events):
No events

Classes loaded (20 events):
Event: 1.033 Loading class java/lang/System$Logger$Level done
Event: 1.033 Loading class jdk/internal/logger/LazyLoggers
Event: 1.033 Loading class jdk/internal/logger/LazyLoggers done
Event: 1.033 Loading class jdk/internal/logger/LazyLoggers$1
Event: 1.033 Loading class jdk/internal/logger/LazyLoggers$1 done
Event: 1.033 Loading class jdk/internal/logger/LazyLoggers$LazyLoggerFactories
Event: 1.033 Loading class jdk/internal/logger/LazyLoggers$LazyLoggerFactories done
Event: 1.046 Loading class jdk/internal/logger/LazyLoggers$JdkLazyLogger
Event: 1.046 Loading class jdk/internal/logger/LazyLoggers$LazyLoggerWrapper
Event: 1.046 Loading class jdk/internal/logger/AbstractLoggerWrapper
Event: 1.046 Loading class jdk/internal/logger/AbstractLoggerWrapper done
Event: 1.046 Loading class jdk/internal/logger/LazyLoggers$LazyLoggerWrapper done
Event: 1.046 Loading class jdk/internal/logger/LazyLoggers$JdkLazyLogger done
Event: 1.046 Loading class jdk/internal/logger/LazyLoggers$LazyLoggerAccessor
Event: 1.046 Loading class jdk/internal/logger/LazyLoggers$LoggerAccessor
Event: 1.046 Loading class jdk/internal/logger/LazyLoggers$LoggerAccessor done
Event: 1.046 Loading class jdk/internal/logger/LazyLoggers$LazyLoggerAccessor done
Event: 1.046 Loading class java/awt/Component$AWTTreeLock
Event: 1.046 Loading class java/awt/Component$AWTTreeLock done
Event: 1.046 Loading class java/awt/Toolkit

Classes unloaded (0 events):
No events

Classes redefined (0 events):
No events

Internal exceptions (3 events):
Event: 0.192 Thread 0x0000025c40a45d80 Exception <a 'sun/nio/fs/WindowsException'{0x000000074cdaed58}> (0x000000074cdaed58) 
thrown [s\open\src\hotspot\share\prims\jni.cpp, line 520]
Event: 0.194 Thread 0x0000025c40a45d80 Exception <a 'sun/nio/fs/WindowsException'{0x000000074cdb1298}> (0x000000074cdb1298) 
thrown [s\open\src\hotspot\share\prims\jni.cpp, line 520]
Event: 0.194 Thread 0x0000025c40a45d80 Exception <a 'sun/nio/fs/WindowsException'{0x000000074cdb1d98}> (0x000000074cdb1d98) 
thrown [s\open\src\hotspot\share\prims\jni.cpp, line 520]

ZGC Phase Switch (0 events):
No events

VM Operations (2 events):
Event: 0.198 Executing VM operation: HandshakeAllThreads (Deoptimize)
Event: 0.198 Executing VM operation: HandshakeAllThreads (Deoptimize) done

Events (14 events):
Event: 0.024 Thread 0x0000025c40a45d80 Thread added: 0x0000025c40a45d80
Event: 0.039 Thread 0x0000025ca1156030 Thread added: 0x0000025ca1156030
Event: 0.039 Thread 0x0000025ca11596c0 Thread added: 0x0000025ca11596c0
Event: 0.039 Thread 0x0000025ca115a860 Thread added: 0x0000025ca115a860
Event: 0.039 Thread 0x0000025ca115aed0 Thread added: 0x0000025ca115aed0
Event: 0.039 Thread 0x0000025ca115b540 Thread added: 0x0000025ca115b540
Event: 0.039 Thread 0x0000025ca115fbc0 Thread added: 0x0000025ca115fbc0
Event: 0.039 Thread 0x0000025ca1162570 Thread added: 0x0000025ca1162570
Event: 0.047 Thread 0x0000025ca11ca3a0 Thread added: 0x0000025ca11ca3a0
Event: 0.153 Thread 0x0000025ca11fe8d0 Thread added: 0x0000025ca11fe8d0
Event: 0.783 Thread 0x0000025ca132ef10 Thread added: 0x0000025ca132ef10
Event: 0.784 Thread 0x0000025ca13024a0 Thread added: 0x0000025ca13024a0
Event: 0.784 Thread 0x0000025ca1302b20 Thread added: 0x0000025ca1302b20
Event: 1.017 Thread 0x0000025ca13031a0 Thread added: 0x0000025ca13031a0


Dynamic libraries:
0x00007ff74b290000 - 0x00007ff74b2a0000 	C:\Program Files\Java\jdk-21\bin\java.exe
0x00007ffa493a0000 - 0x00007ffa495a9000 	C:\WINDOWS\SYSTEM32\ntdll.dll
0x00007ffa47f80000 - 0x00007ffa4803d000 	C:\WINDOWS\System32\KERNEL32.DLL
0x00007ffa46c70000 - 0x00007ffa46ff4000 	C:\WINDOWS\System32\KERNELBASE.dll
0x00007ffa46990000 - 0x00007ffa46aa1000 	C:\WINDOWS\System32\ucrtbase.dll
0x00007ffa361e0000 - 0x00007ffa361f9000 	C:\Program Files\Java\jdk-21\bin\jli.dll
0x00007ffa48250000 - 0x00007ffa482fe000 	C:\WINDOWS\System32\ADVAPI32.dll
0x00007ffa48040000 - 0x00007ffa480e3000 	C:\WINDOWS\System32\msvcrt.dll
0x00007ffa48340000 - 0x00007ffa483de000 	C:\WINDOWS\System32\sechost.dll
0x00007ffa47640000 - 0x00007ffa47761000 	C:\WINDOWS\System32\RPCRT4.dll
0x00007ffa473a0000 - 0x00007ffa4754d000 	C:\WINDOWS\System32\USER32.dll
0x00007ffa46960000 - 0x00007ffa46986000 	C:\WINDOWS\System32\win32u.dll
0x00007ffa48560000 - 0x00007ffa4858a000 	C:\WINDOWS\System32\GDI32.dll
0x00007ffa46ab0000 - 0x00007ffa46bce000 	C:\WINDOWS\System32\gdi32full.dll
0x00007ffa46bd0000 - 0x00007ffa46c6d000 	C:\WINDOWS\System32\msvcp_win.dll
0x00007ffa18610000 - 0x00007ffa1862b000 	C:\Program Files\Java\jdk-21\bin\VCRUNTIME140.dll
0x00007ffa45a30000 - 0x00007ffa45cd5000 	C:\WINDOWS\WinSxS\amd64_microsoft.windows.common-controls_6595b64144ccf1df_6.0.22000.120_none_9d947278b86cc467\COMCTL32.dll
0x00007ffa404f0000 - 0x00007ffa404fa000 	C:\WINDOWS\SYSTEM32\VERSION.dll
0x00007ffa48300000 - 0x00007ffa48331000 	C:\WINDOWS\System32\IMM32.DLL
0x00007ffa31770000 - 0x00007ffa3177c000 	C:\Program Files\Java\jdk-21\bin\vcruntime140_1.dll
0x00007ffa18580000 - 0x00007ffa1860e000 	C:\Program Files\Java\jdk-21\bin\msvcp140.dll
0x00007ffa13330000 - 0x00007ffa14045000 	C:\Program Files\Java\jdk-21\bin\server\jvm.dll
0x00007ffa491e0000 - 0x00007ffa4924f000 	C:\WINDOWS\System32\WS2_32.dll
0x00007ffa46700000 - 0x00007ffa4674d000 	C:\WINDOWS\SYSTEM32\POWRPROF.dll
0x00007ffa3c8b0000 - 0x00007ffa3c8e3000 	C:\WINDOWS\SYSTEM32\WINMM.dll
0x00007ffa466e0000 - 0x00007ffa466f3000 	C:\WINDOWS\SYSTEM32\UMPDC.dll
0x00007ffa44af0000 - 0x00007ffa44b08000 	C:\WINDOWS\SYSTEM32\kernel.appcore.dll
0x00007ffa2b6e0000 - 0x00007ffa2b6ea000 	C:\Program Files\Java\jdk-21\bin\jimage.dll
0x00007ffa460d0000 - 0x00007ffa462f1000 	C:\WINDOWS\SYSTEM32\DBGHELP.DLL
0x00007ffa45e10000 - 0x00007ffa45e41000 	C:\WINDOWS\SYSTEM32\dbgcore.DLL
0x00007ffa47000000 - 0x00007ffa4707f000 	C:\WINDOWS\System32\bcryptPrimitives.dll
0x00007ffa36640000 - 0x00007ffa3667c000 	C:\Program Files\Java\jdk-21\bin\jdwp.dll
0x00007ffa18560000 - 0x00007ffa1857f000 	C:\Program Files\Java\jdk-21\bin\java.dll
0x00007ffa48a10000 - 0x00007ffa491d5000 	C:\WINDOWS\System32\SHELL32.dll
0x00007ffa43a40000 - 0x00007ffa442a2000 	C:\WINDOWS\SYSTEM32\windows.storage.dll
0x00007ffa47a10000 - 0x00007ffa47d86000 	C:\WINDOWS\System32\combase.dll
0x00007ffa438d0000 - 0x00007ffa43a37000 	C:\WINDOWS\SYSTEM32\wintypes.dll
0x00007ffa47550000 - 0x00007ffa4763a000 	C:\WINDOWS\System32\SHCORE.dll
0x00007ffa48500000 - 0x00007ffa4855d000 	C:\WINDOWS\System32\shlwapi.dll
0x00007ffa46760000 - 0x00007ffa46785000 	C:\WINDOWS\SYSTEM32\profapi.dll
0x00007ffa18150000 - 0x00007ffa18227000 	C:\Program Files\Java\jdk-21\bin\jsvml.dll
0x00007ffa29c80000 - 0x00007ffa29c90000 	C:\Program Files\Java\jdk-21\bin\net.dll
0x00007ffa40d10000 - 0x00007ffa40e24000 	C:\WINDOWS\SYSTEM32\WINHTTP.dll
0x00007ffa45660000 - 0x00007ffa456c7000 	C:\WINDOWS\system32\mswsock.dll
0x00007ffa18370000 - 0x00007ffa18386000 	C:\Program Files\Java\jdk-21\bin\nio.dll
0x00007ffa42130000 - 0x00007ffa4213b000 	C:\Program Files\Java\jdk-21\bin\dt_shmem.dll

dbghelp: loaded successfully - version: 4.0.5 - missing functions: none
symbol engine: initialized successfully - sym options: 0x614 - pdb path: .;C:\Program Files\Java\jdk-21\bin;C:\WINDOWS\SYSTEM32;C:\WINDOWS\WinSxS\amd64_microsoft.windows.common-controls_6595b64144ccf1df_6.0.22000.120_none_9d947278b86cc467;C:\Program Files\Java\jdk-21\bin\server

VM Arguments:
jvm_args: -Dfile.encoding=UTF-8 -agentlib:jdwp=transport=dt_shmem,address=javadebug --module-path=C:\Users\omkar\Documents\NetBeansProjects\bank managment system\build\classes 
java_command: bank.managment.system.Login
java_class_path (initial): C:\Users\omkar\Documents\NetBeansProjects\bank managment system\build\classes
Launcher Type: SUN_STANDARD

[Global flags]
     intx CICompilerCount                          = 3                                         {product} {ergonomic}
     uint ConcGCThreads                            = 1                                         {product} {ergonomic}
     uint G1ConcRefinementThreads                  = 4                                         {product} {ergonomic}
   size_t G1HeapRegionSize                         = 2097152                                   {product} {ergonomic}
    uintx GCDrainStackTargetSize                   = 64                                        {product} {ergonomic}
   size_t InitialHeapSize                          = 201326592                                 {product} {ergonomic}
   size_t MarkStackSize                            = 4194304                                   {product} {ergonomic}
   size_t MaxHeapSize                              = 3206545408                                {product} {ergonomic}
   size_t MaxNewSize                               = 1923088384                                {product} {ergonomic}
   size_t MinHeapDeltaBytes                        = 2097152                                   {product} {ergonomic}
   size_t MinHeapSize                              = 8388608                                   {product} {ergonomic}
    uintx NonNMethodCodeHeapSize                   = 5832780                                {pd product} {ergonomic}
    uintx NonProfiledCodeHeapSize                  = 122912730                              {pd product} {ergonomic}
    uintx ProfiledCodeHeapSize                     = 122912730                              {pd product} {ergonomic}
    uintx ReservedCodeCacheSize                    = 251658240                              {pd product} {ergonomic}
     bool SegmentedCodeCache                       = true                                      {product} {ergonomic}
   size_t SoftMaxHeapSize                          = 3206545408                             {manageable} {ergonomic}
     bool UseCompressedOops                        = true                           {product lp64_product} {ergonomic}
     bool UseG1GC                                  = true                                      {product} {ergonomic}
     bool UseLargePagesIndividualAllocation        = false                                  {pd product} {ergonomic}

Logging:
Log output configuration:
 #0: stdout all=warning uptime,level,tags foldmultilines=false
 #1: stderr all=off uptime,level,tags foldmultilines=false

Environment Variables:
PATH=C:\Program Files\Java\jdk-21\bin;C:\Program Files\MySQL\MySQL Shell 8.0\bin\;C:\Users\omkar\AppData\Local\Microsoft\WindowsApps;C:\Users\omkar\AppData\Local\Programs\Microsoft VS Code\bin
USERNAME=omkar
OS=Windows_NT
PROCESSOR_IDENTIFIER=Intel64 Family 6 Model 158 Stepping 9, GenuineIntel
TMP=C:\Users\omkar\AppData\Local\Temp
TEMP=C:\Users\omkar\AppData\Local\Temp




Periodic native trim disabled

---------------  S Y S T E M  ---------------

OS:
 Windows 11 , 64 bit Build 22000 (10.0.22000.2538)
OS uptime: 0 days 3:10 hours

CPU: total 4 (initial active 4) (2 cores per cpu, 2 threads per core) family 6 model 158 stepping 9 microcode 0xde, cx8, cmov, fxsr, ht, mmx, 3dnowpref, sse, sse2, sse3, ssse3, sse4.1, sse4.2, popcnt, lzcnt, tsc, tscinvbit, avx, avx2, aes, erms, clmul, bmi1, bmi2, adx, fma, vzeroupper, clflush, clflushopt, rdtscp, f16c
Processor Information for all 4 processors :
  Max Mhz: 3900, Current Mhz: 3900, Mhz Limit: 3900

Memory: 4k page, system-wide physical 12225M (3221M free)
TotalPageFile size 40752M (AvailPageFile size 4M)
current process WorkingSet (physical memory assigned to process): 39M, peak: 39M
current process commit charge ("private bytes"): 267M, peak: 267M

vm_info: Java HotSpot(TM) 64-Bit Server VM (21.0.1+12-LTS-29) for windows-amd64 JRE (21.0.1+12-LTS-29), built on 2023-10-05T13:27:09Z by "mach5one" with MS VC++ 17.1 (VS2022)

END.
