#
# There is insufficient memory for the Java Runtime Environment to continue.
# Native memory allocation (mmap) failed to map 65536 bytes for Failed to commit metaspace.
# Possible reasons:
#   The system is out of physical RAM or swap space
#   The process is running with CompressedOops enabled, and the Java Heap may be blocking the growth of the native heap
# Possible solutions:
#   Reduce memory load on the system
#   Increase physical memory or swap space
#   Check if swap backing store is full
#   Decrease Java heap size (-Xmx/-Xms)
#   Decrease number of Java threads
#   Decrease Java thread stack sizes (-Xss)
#   Set larger code cache with -XX:ReservedCodeCacheSize=
#   JVM is running with Zero Based Compressed Oops mode in which the Java heap is
#     placed in the first 32GB address space. The Java Heap base address is the
#     maximum limit for the native heap growth. Please use -XX:HeapBaseMinAddress
#     to set the Java Heap base and to place the Java Heap above 32GB virtual address.
# This output file may be truncated or incomplete.
#
#  Out of Memory Error (virtualSpaceNode.cpp:112), pid=24332, tid=7332
#
# JRE version: Java(TM) SE Runtime Environment (21.0.1+12) (build 21.0.1+12-LTS-29)
# Java VM: Java HotSpot(TM) 64-Bit Server VM (21.0.1+12-LTS-29, mixed mode, sharing, tiered, compressed oops, compressed class ptrs, g1 gc, windows-amd64)
# No core dump will be written. Minidumps are not enabled by default on client versions of Windows
#

---------------  S U M M A R Y ------------

Command Line: -Dfile.encoding=UTF-8 --module-path=C:\Users\omkar\Documents\NetBeansProjects\bank managment system\build\classes bank.managment.system.Login

Host: Intel(R) Core(TM) i3-7100 CPU @ 3.90GHz, 4 cores, 11G,  Windows 11 , 64 bit Build 22000 (10.0.22000.2538)
Time: Wed Mar 20 20:15:22 2024 India Standard Time elapsed time: 0.288092 seconds (0d 0h 0m 0s)

---------------  T H R E A D  ---------------

Current thread (0x0000018acb977910):  JavaThread "main"             [_thread_in_vm, id=7332, stack(0x0000005d1a700000,0x0000005d1a800000) (1024K)]

Stack: [0x0000005d1a700000,0x0000005d1a800000]
Native frames: (J=compiled Java code, j=interpreted, Vv=VM code, C=native code)
V  [jvm.dll+0x6c9029]
V  [jvm.dll+0x854b81]
V  [jvm.dll+0x856e5e]
V  [jvm.dll+0x857543]
V  [jvm.dll+0x280c06]
V  [jvm.dll+0x8508ae]
V  [jvm.dll+0x66ca45]
V  [jvm.dll+0x66caaa]
V  [jvm.dll+0x66f2a6]
V  [jvm.dll+0x66f172]
V  [jvm.dll+0x66d41e]
V  [jvm.dll+0x26b2df]
V  [jvm.dll+0x677615]
V  [jvm.dll+0x217a53]
V  [jvm.dll+0x217f95]
V  [jvm.dll+0x2189b1]
V  [jvm.dll+0x20dc4e]
V  [jvm.dll+0x5ac6dc]
V  [jvm.dll+0x21f67a]
V  [jvm.dll+0x7ccde1]
V  [jvm.dll+0x7cde45]
V  [jvm.dll+0x7ce3ef]
V  [jvm.dll+0x7ce098]
V  [jvm.dll+0x26ebdb]
V  [jvm.dll+0x26ee0a]
V  [jvm.dll+0x5cf3e7]
V  [jvm.dll+0x5d239f]
V  [jvm.dll+0x3d7360]
V  [jvm.dll+0x3d69dd]
C  0x0000018adb329735

The last pc belongs to invokestatic (printed below).
Java frames: (J=compiled Java code, j=interpreted, Vv=VM code)
j  javax.swing.JComponent.getDefaultLocale()Ljava/util/Locale;+3 java.desktop@21.0.1
j  javax.swing.JFrame.frameInit()V+8 java.desktop@21.0.1
j  javax.swing.JFrame.<init>()V+20 java.desktop@21.0.1
j  bank.managment.system.Login.<init>()V+1
j  bank.managment.system.Login.main([Ljava/lang/String;)V+4
v  ~StubRoutines::call_stub 0x0000018adb31100d
invokestatic  184 invokestatic  [0x0000018adb329680, 0x0000018adb329928]  680 bytes
[MachCode]
  0x0000018adb329680: 4883 ec08 | c5fa 1104 | 24eb 1f48 | 83ec 10c5 | fb11 0424 | eb14 4883 | ec10 4889 | 0424 48c7 
  0x0000018adb3296a0: 4424 0800 | 0000 00eb | 0150 4c89 | 6dc0 410f | b755 0148 | 8b4d d0c1 | e202 8b5c | d138 c1eb 
  0x0000018adb3296c0: 1081 e3ff | 0000 0081 | fbb8 0000 | 000f 84b4 | 0000 00bb | b800 0000 | e805 0000 | 00e9 9900 
  0x0000018adb3296e0: 0000 488b | d348 8d44 | 2408 4c89 | 6dc0 498b | cfc5 f877 | 4989 afa8 | 0300 0049 | 8987 9803 
  0x0000018adb329700: 0000 4883 | ec20 40f6 | c40f 0f84 | 1900 0000 | 4883 ec08 | 48b8 7069 | 7013 fa7f | 0000 ffd0 
  0x0000018adb329720: 4883 c408 | e90c 0000 | 0048 b870 | 6970 13fa | 7f00 00ff | d048 83c4 | 2049 c787 | 9803 0000 
  0x0000018adb329740: 0000 0000 | 49c7 87a8 | 0300 0000 | 0000 0049 | c787 a003 | 0000 0000 | 0000 c5f8 | 7749 837f 
  0x0000018adb329760: 0800 0f84 | 0500 0000 | e993 77fe | ff4c 8b6d | c04c 8b75 | c84e 8d74 | f500 c341 | 0fb7 5501 
  0x0000018adb329780: 488b 4dd0 | c1e2 0248 | 8b5c d140 | 488b 5b08 | 488b 5b08 | 488b 5b18 | 80bb 2001 | 0000 050f 
  0x0000018adb3297a0: 840d 0000 | 004c 3bbb | 3001 0000 | 0f85 21ff | ffff 488b | 5cd1 408b | 54d1 50c1 | ea1c 49ba 
  0x0000018adb3297c0: 909e f713 | fa7f 0000 | 498b 14d2 | 5248 8b45 | d848 85c0 | 0f84 1200 | 0000 4883 | 4008 0148 
  0x0000018adb3297e0: 8358 0800 | 4883 c010 | 4889 45d8 | 488b 45d8 | 4885 c00f | 8423 0100 | 0080 78f0 | 0a0f 8519 
  0x0000018adb329800: 0100 0048 | 83c0 084c | 8b68 f841 | 83ed 0041 | 83fd 020f | 8cf8 0000 | 004c 8b6b | 0845 0fb7 
  0x0000018adb329820: 6d2e 4c2b | 2841 83ed | 014e 8b6c | ec08 4d85 | ed75 0748 | 8348 0801 | eb4a 458b | 6d08 49ba 
  0x0000018adb329840: 0000 0080 | 8a01 0000 | 4d03 ea4c | 3368 0849 | f7c5 fcff | ffff 742c | 41f6 c502 | 7526 4883 
  0x0000018adb329860: 7808 0074 | 1b48 8378 | 0801 7414 | 4c33 6808 | 49f7 c5fc | ffff ff74 | 0b48 8348 | 0802 eb04 
  0x0000018adb329880: 4c89 6808 | 4883 c010 | 4c8b 68e8 | 4183 ed02 | 4183 fd02 | 0f8c 7700 | 0000 4c8b | 6b08 450f 
  0x0000018adb3298a0: b76d 2e4c | 2b28 4183 | ed01 4e8b | 6cec 084d | 85ed 7507 | 4883 4808 | 01eb 4a45 | 8b6d 0849 
  0x0000018adb3298c0: ba00 0000 | 808a 0100 | 004d 03ea | 4c33 6808 | 49f7 c5fc | ffff ff74 | 2c41 f6c5 | 0275 2648 
  0x0000018adb3298e0: 8378 0800 | 741b 4883 | 7808 0174 | 144c 3368 | 0849 f7c5 | fcff ffff | 740b 4883 | 4808 02eb 
  0x0000018adb329900: 044c 8968 | 0848 83c0 | 104c 8b68 | d841 83ed | 0441 c1e5 | 0349 03c5 | 4889 45d8 | 4c8d 6c24 
  0x0000018adb329920: 084c 896d | f0ff 6350 
[/MachCode]

---------------  P R O C E S S  ---------------

Threads class SMR info:
_java_thread_list=0x0000018aed28b8a0, length=14, elements={
0x0000018acb977910, 0x0000018ae8e34210, 0x0000018ae8e370f0, 0x0000018ae8e39840,
0x0000018ae8e3ab70, 0x0000018ae8e3bab0, 0x0000018ae8e3e8c0, 0x0000018ae8e3c7f0,
0x0000018ae8e58990, 0x0000018aed07b900, 0x0000018aed11d890, 0x0000018aed284210,
0x0000018aed287950, 0x0000018aed293380
}

Java Threads: ( => current thread )
=>0x0000018acb977910 JavaThread "main"                              [_thread_in_vm, id=7332, stack(0x0000005d1a700000,0x0000005d1a800000) (1024K)]
  0x0000018ae8e34210 JavaThread "Reference Handler"          daemon [_thread_blocked, id=9424, stack(0x0000005d1af00000,0x0000005d1b000000) (1024K)]
  0x0000018ae8e370f0 JavaThread "Finalizer"                  daemon [_thread_blocked, id=7092, stack(0x0000005d1b000000,0x0000005d1b100000) (1024K)]
  0x0000018ae8e39840 JavaThread "Signal Dispatcher"          daemon [_thread_blocked, id=20736, stack(0x0000005d1b100000,0x0000005d1b200000) (1024K)]
  0x0000018ae8e3ab70 JavaThread "Attach Listener"            daemon [_thread_blocked, id=10152, stack(0x0000005d1b200000,0x0000005d1b300000) (1024K)]
  0x0000018ae8e3bab0 JavaThread "Service Thread"             daemon [_thread_blocked, id=17348, stack(0x0000005d1b300000,0x0000005d1b400000) (1024K)]
  0x0000018ae8e3e8c0 JavaThread "Monitor Deflation Thread"   daemon [_thread_blocked, id=9928, stack(0x0000005d1b400000,0x0000005d1b500000) (1024K)]
  0x0000018ae8e3c7f0 JavaThread "C2 CompilerThread0"         daemon [_thread_blocked, id=19120, stack(0x0000005d1b500000,0x0000005d1b600000) (1024K)]
  0x0000018ae8e58990 JavaThread "C1 CompilerThread0"         daemon [_thread_blocked, id=21328, stack(0x0000005d1b600000,0x0000005d1b700000) (1024K)]
  0x0000018aed07b900 JavaThread "Common-Cleaner"             daemon [_thread_blocked, id=2820, stack(0x0000005d1b700000,0x0000005d1b800000) (1024K)]
  0x0000018aed11d890 JavaThread "Notification Thread"        daemon [_thread_blocked, id=1892, stack(0x0000005d1b800000,0x0000005d1b900000) (1024K)]
  0x0000018aed284210 JavaThread "Java2D Disposer"            daemon [_thread_blocked, id=24296, stack(0x0000005d1b900000,0x0000005d1ba00000) (1024K)]
  0x0000018aed287950 JavaThread "AWT-Shutdown"                      [_thread_blocked, id=14680, stack(0x0000005d1ba00000,0x0000005d1bb00000) (1024K)]
  0x0000018aed293380 JavaThread "AWT-Windows"                daemon [_thread_in_native, id=20028, stack(0x0000005d1bb00000,0x0000005d1bc00000) (1024K)]
Total: 14

Other Threads:
  0x0000018ae8e14800 VMThread "VM Thread"                           [id=19776, stack(0x0000005d1ae00000,0x0000005d1af00000) (1024K)]
  0x0000018ae8dfec00 WatcherThread "VM Periodic Task Thread"        [id=23516, stack(0x0000005d1ad00000,0x0000005d1ae00000) (1024K)]
  0x0000018acb9c3cb0 WorkerThread "GC Thread#0"                     [id=16248, stack(0x0000005d1a800000,0x0000005d1a900000) (1024K)]
  0x0000018acb9d13b0 ConcurrentGCThread "G1 Main Marker"            [id=13220, stack(0x0000005d1a900000,0x0000005d1aa00000) (1024K)]
  0x0000018acb9d3220 WorkerThread "G1 Conc#0"                       [id=18620, stack(0x0000005d1aa00000,0x0000005d1ab00000) (1024K)]
  0x0000018acba3f070 ConcurrentGCThread "G1 Refine#0"               [id=23104, stack(0x0000005d1ab00000,0x0000005d1ac00000) (1024K)]
  0x0000018acba40bf0 ConcurrentGCThread "G1 Service"                [id=9412, stack(0x0000005d1ac00000,0x0000005d1ad00000) (1024K)]
Total: 7

Threads with active compile tasks:
Total: 0

VM state: not at safepoint (normal execution)

VM Mutex/Monitor currently owned by a thread:  ([mutex/lock_event])
[0x00007ffa13f68578] Metaspace_lock - owner thread: 0x0000018acb977910

Heap address: 0x0000000740e00000, size: 3058 MB, Compressed Oops mode: Zero based, Oop shift amount: 3

CDS archive(s) mapped at: [0x0000018a80000000-0x0000018a80c90000-0x0000018a80c90000), size 13172736, SharedBaseAddress: 0x0000018a80000000, ArchiveRelocationMode: 1.
Compressed class space mapped at: 0x0000018a81000000-0x0000018ac1000000, reserved size: 1073741824
Narrow klass base: 0x0000018a80000000, Narrow klass shift: 0, Narrow klass range: 0x100000000

GC Precious Log:
 CardTable entry size: 512
 Card Set container configuration: InlinePtr #cards 4 size 8 Array Of Cards #cards 16 size 48 Howl #buckets 8 coarsen threshold 3686 Howl Bitmap #cards 512 size 80 coarsen threshold 460 Card regions per heap region 1 cards per card region 4096
 CPUs: 4 total, 4 available
 Memory: 12225M
 Large Page Support: Disabled
 NUMA Support: Disabled
 Compressed Oops: Enabled (Zero based)
 Heap Region Size: 2M
 Heap Min Capacity: 8M
 Heap Initial Capacity: 192M
 Heap Max Capacity: 3058M
 Pre-touch: Disabled
 Parallel Workers: 4
 Concurrent Workers: 1
 Concurrent Refinement Workers: 4
 Periodic GC: Disabled

Heap:
 garbage-first heap   total 196608K, used 2048K [0x0000000740e00000, 0x0000000800000000)
  region size 2048K, 2 young (4096K), 0 survivors (0K)
 Metaspace       used 3182K, committed 3328K, reserved 1114112K
  class space    used 310K, committed 384K, reserved 1048576K

Heap Regions: E=young(eden), S=young(survivor), O=old, HS=humongous(starts), HC=humongous(continues), CS=collection set, F=free, TAMS=top-at-mark-start, PB=parsable bottom
|   0|0x0000000740e00000, 0x0000000740e00000, 0x0000000741000000|  0%| F|  |TAMS 0x0000000740e00000| PB 0x0000000740e00000| Untracked 
|   1|0x0000000741000000, 0x0000000741000000, 0x0000000741200000|  0%| F|  |TAMS 0x0000000741000000| PB 0x0000000741000000| Untracked 
|   2|0x0000000741200000, 0x0000000741200000, 0x0000000741400000|  0%| F|  |TAMS 0x0000000741200000| PB 0x0000000741200000| Untracked 
|   3|0x0000000741400000, 0x0000000741400000, 0x0000000741600000|  0%| F|  |TAMS 0x0000000741400000| PB 0x0000000741400000| Untracked 
|   4|0x0000000741600000, 0x0000000741600000, 0x0000000741800000|  0%| F|  |TAMS 0x0000000741600000| PB 0x0000000741600000| Untracked 
|   5|0x0000000741800000, 0x0000000741800000, 0x0000000741a00000|  0%| F|  |TAMS 0x0000000741800000| PB 0x0000000741800000| Untracked 
|   6|0x0000000741a00000, 0x0000000741a00000, 0x0000000741c00000|  0%| F|  |TAMS 0x0000000741a00000| PB 0x0000000741a00000| Untracked 
|   7|0x0000000741c00000, 0x0000000741c00000, 0x0000000741e00000|  0%| F|  |TAMS 0x0000000741c00000| PB 0x0000000741c00000| Untracked 
|   8|0x0000000741e00000, 0x0000000741e00000, 0x0000000742000000|  0%| F|  |TAMS 0x0000000741e00000| PB 0x0000000741e00000| Untracked 
|   9|0x0000000742000000, 0x0000000742000000, 0x0000000742200000|  0%| F|  |TAMS 0x0000000742000000| PB 0x0000000742000000| Untracked 
|  10|0x0000000742200000, 0x0000000742200000, 0x0000000742400000|  0%| F|  |TAMS 0x0000000742200000| PB 0x0000000742200000| Untracked 
|  11|0x0000000742400000, 0x0000000742400000, 0x0000000742600000|  0%| F|  |TAMS 0x0000000742400000| PB 0x0000000742400000| Untracked 
|  12|0x0000000742600000, 0x0000000742600000, 0x0000000742800000|  0%| F|  |TAMS 0x0000000742600000| PB 0x0000000742600000| Untracked 
|  13|0x0000000742800000, 0x0000000742800000, 0x0000000742a00000|  0%| F|  |TAMS 0x0000000742800000| PB 0x0000000742800000| Untracked 
|  14|0x0000000742a00000, 0x0000000742a00000, 0x0000000742c00000|  0%| F|  |TAMS 0x0000000742a00000| PB 0x0000000742a00000| Untracked 
|  15|0x0000000742c00000, 0x0000000742c00000, 0x0000000742e00000|  0%| F|  |TAMS 0x0000000742c00000| PB 0x0000000742c00000| Untracked 
|  16|0x0000000742e00000, 0x0000000742e00000, 0x0000000743000000|  0%| F|  |TAMS 0x0000000742e00000| PB 0x0000000742e00000| Untracked 
|  17|0x0000000743000000, 0x0000000743000000, 0x0000000743200000|  0%| F|  |TAMS 0x0000000743000000| PB 0x0000000743000000| Untracked 
|  18|0x0000000743200000, 0x0000000743200000, 0x0000000743400000|  0%| F|  |TAMS 0x0000000743200000| PB 0x0000000743200000| Untracked 
|  19|0x0000000743400000, 0x0000000743400000, 0x0000000743600000|  0%| F|  |TAMS 0x0000000743400000| PB 0x0000000743400000| Untracked 
|  20|0x0000000743600000, 0x0000000743600000, 0x0000000743800000|  0%| F|  |TAMS 0x0000000743600000| PB 0x0000000743600000| Untracked 
|  21|0x0000000743800000, 0x0000000743800000, 0x0000000743a00000|  0%| F|  |TAMS 0x0000000743800000| PB 0x0000000743800000| Untracked 
|  22|0x0000000743a00000, 0x0000000743a00000, 0x0000000743c00000|  0%| F|  |TAMS 0x0000000743a00000| PB 0x0000000743a00000| Untracked 
|  23|0x0000000743c00000, 0x0000000743c00000, 0x0000000743e00000|  0%| F|  |TAMS 0x0000000743c00000| PB 0x0000000743c00000| Untracked 
|  24|0x0000000743e00000, 0x0000000743e00000, 0x0000000744000000|  0%| F|  |TAMS 0x0000000743e00000| PB 0x0000000743e00000| Untracked 
|  25|0x0000000744000000, 0x0000000744000000, 0x0000000744200000|  0%| F|  |TAMS 0x0000000744000000| PB 0x0000000744000000| Untracked 
|  26|0x0000000744200000, 0x0000000744200000, 0x0000000744400000|  0%| F|  |TAMS 0x0000000744200000| PB 0x0000000744200000| Untracked 
|  27|0x0000000744400000, 0x0000000744400000, 0x0000000744600000|  0%| F|  |TAMS 0x0000000744400000| PB 0x0000000744400000| Untracked 
|  28|0x0000000744600000, 0x0000000744600000, 0x0000000744800000|  0%| F|  |TAMS 0x0000000744600000| PB 0x0000000744600000| Untracked 
|  29|0x0000000744800000, 0x0000000744800000, 0x0000000744a00000|  0%| F|  |TAMS 0x0000000744800000| PB 0x0000000744800000| Untracked 
|  30|0x0000000744a00000, 0x0000000744a00000, 0x0000000744c00000|  0%| F|  |TAMS 0x0000000744a00000| PB 0x0000000744a00000| Untracked 
|  31|0x0000000744c00000, 0x0000000744c00000, 0x0000000744e00000|  0%| F|  |TAMS 0x0000000744c00000| PB 0x0000000744c00000| Untracked 
|  32|0x0000000744e00000, 0x0000000744e00000, 0x0000000745000000|  0%| F|  |TAMS 0x0000000744e00000| PB 0x0000000744e00000| Untracked 
|  33|0x0000000745000000, 0x0000000745000000, 0x0000000745200000|  0%| F|  |TAMS 0x0000000745000000| PB 0x0000000745000000| Untracked 
|  34|0x0000000745200000, 0x0000000745200000, 0x0000000745400000|  0%| F|  |TAMS 0x0000000745200000| PB 0x0000000745200000| Untracked 
|  35|0x0000000745400000, 0x0000000745400000, 0x0000000745600000|  0%| F|  |TAMS 0x0000000745400000| PB 0x0000000745400000| Untracked 
|  36|0x0000000745600000, 0x0000000745600000, 0x0000000745800000|  0%| F|  |TAMS 0x0000000745600000| PB 0x0000000745600000| Untracked 
|  37|0x0000000745800000, 0x0000000745800000, 0x0000000745a00000|  0%| F|  |TAMS 0x0000000745800000| PB 0x0000000745800000| Untracked 
|  38|0x0000000745a00000, 0x0000000745a00000, 0x0000000745c00000|  0%| F|  |TAMS 0x0000000745a00000| PB 0x0000000745a00000| Untracked 
|  39|0x0000000745c00000, 0x0000000745c00000, 0x0000000745e00000|  0%| F|  |TAMS 0x0000000745c00000| PB 0x0000000745c00000| Untracked 
|  40|0x0000000745e00000, 0x0000000745e00000, 0x0000000746000000|  0%| F|  |TAMS 0x0000000745e00000| PB 0x0000000745e00000| Untracked 
|  41|0x0000000746000000, 0x0000000746000000, 0x0000000746200000|  0%| F|  |TAMS 0x0000000746000000| PB 0x0000000746000000| Untracked 
|  42|0x0000000746200000, 0x0000000746200000, 0x0000000746400000|  0%| F|  |TAMS 0x0000000746200000| PB 0x0000000746200000| Untracked 
|  43|0x0000000746400000, 0x0000000746400000, 0x0000000746600000|  0%| F|  |TAMS 0x0000000746400000| PB 0x0000000746400000| Untracked 
|  44|0x0000000746600000, 0x0000000746600000, 0x0000000746800000|  0%| F|  |TAMS 0x0000000746600000| PB 0x0000000746600000| Untracked 
|  45|0x0000000746800000, 0x0000000746800000, 0x0000000746a00000|  0%| F|  |TAMS 0x0000000746800000| PB 0x0000000746800000| Untracked 
|  46|0x0000000746a00000, 0x0000000746a00000, 0x0000000746c00000|  0%| F|  |TAMS 0x0000000746a00000| PB 0x0000000746a00000| Untracked 
|  47|0x0000000746c00000, 0x0000000746c00000, 0x0000000746e00000|  0%| F|  |TAMS 0x0000000746c00000| PB 0x0000000746c00000| Untracked 
|  48|0x0000000746e00000, 0x0000000746e00000, 0x0000000747000000|  0%| F|  |TAMS 0x0000000746e00000| PB 0x0000000746e00000| Untracked 
|  49|0x0000000747000000, 0x0000000747000000, 0x0000000747200000|  0%| F|  |TAMS 0x0000000747000000| PB 0x0000000747000000| Untracked 
|  50|0x0000000747200000, 0x0000000747200000, 0x0000000747400000|  0%| F|  |TAMS 0x0000000747200000| PB 0x0000000747200000| Untracked 
|  51|0x0000000747400000, 0x0000000747400000, 0x0000000747600000|  0%| F|  |TAMS 0x0000000747400000| PB 0x0000000747400000| Untracked 
|  52|0x0000000747600000, 0x0000000747600000, 0x0000000747800000|  0%| F|  |TAMS 0x0000000747600000| PB 0x0000000747600000| Untracked 
|  53|0x0000000747800000, 0x0000000747800000, 0x0000000747a00000|  0%| F|  |TAMS 0x0000000747800000| PB 0x0000000747800000| Untracked 
|  54|0x0000000747a00000, 0x0000000747a00000, 0x0000000747c00000|  0%| F|  |TAMS 0x0000000747a00000| PB 0x0000000747a00000| Untracked 
|  55|0x0000000747c00000, 0x0000000747c00000, 0x0000000747e00000|  0%| F|  |TAMS 0x0000000747c00000| PB 0x0000000747c00000| Untracked 
|  56|0x0000000747e00000, 0x0000000747e00000, 0x0000000748000000|  0%| F|  |TAMS 0x0000000747e00000| PB 0x0000000747e00000| Untracked 
|  57|0x0000000748000000, 0x0000000748000000, 0x0000000748200000|  0%| F|  |TAMS 0x0000000748000000| PB 0x0000000748000000| Untracked 
|  58|0x0000000748200000, 0x0000000748200000, 0x0000000748400000|  0%| F|  |TAMS 0x0000000748200000| PB 0x0000000748200000| Untracked 
|  59|0x0000000748400000, 0x0000000748400000, 0x0000000748600000|  0%| F|  |TAMS 0x0000000748400000| PB 0x0000000748400000| Untracked 
|  60|0x0000000748600000, 0x0000000748600000, 0x0000000748800000|  0%| F|  |TAMS 0x0000000748600000| PB 0x0000000748600000| Untracked 
|  61|0x0000000748800000, 0x0000000748800000, 0x0000000748a00000|  0%| F|  |TAMS 0x0000000748800000| PB 0x0000000748800000| Untracked 
|  62|0x0000000748a00000, 0x0000000748a00000, 0x0000000748c00000|  0%| F|  |TAMS 0x0000000748a00000| PB 0x0000000748a00000| Untracked 
|  63|0x0000000748c00000, 0x0000000748c00000, 0x0000000748e00000|  0%| F|  |TAMS 0x0000000748c00000| PB 0x0000000748c00000| Untracked 
|  64|0x0000000748e00000, 0x0000000748e00000, 0x0000000749000000|  0%| F|  |TAMS 0x0000000748e00000| PB 0x0000000748e00000| Untracked 
|  65|0x0000000749000000, 0x0000000749000000, 0x0000000749200000|  0%| F|  |TAMS 0x0000000749000000| PB 0x0000000749000000| Untracked 
|  66|0x0000000749200000, 0x0000000749200000, 0x0000000749400000|  0%| F|  |TAMS 0x0000000749200000| PB 0x0000000749200000| Untracked 
|  67|0x0000000749400000, 0x0000000749400000, 0x0000000749600000|  0%| F|  |TAMS 0x0000000749400000| PB 0x0000000749400000| Untracked 
|  68|0x0000000749600000, 0x0000000749600000, 0x0000000749800000|  0%| F|  |TAMS 0x0000000749600000| PB 0x0000000749600000| Untracked 
|  69|0x0000000749800000, 0x0000000749800000, 0x0000000749a00000|  0%| F|  |TAMS 0x0000000749800000| PB 0x0000000749800000| Untracked 
|  70|0x0000000749a00000, 0x0000000749a00000, 0x0000000749c00000|  0%| F|  |TAMS 0x0000000749a00000| PB 0x0000000749a00000| Untracked 
|  71|0x0000000749c00000, 0x0000000749c00000, 0x0000000749e00000|  0%| F|  |TAMS 0x0000000749c00000| PB 0x0000000749c00000| Untracked 
|  72|0x0000000749e00000, 0x0000000749e00000, 0x000000074a000000|  0%| F|  |TAMS 0x0000000749e00000| PB 0x0000000749e00000| Untracked 
|  73|0x000000074a000000, 0x000000074a000000, 0x000000074a200000|  0%| F|  |TAMS 0x000000074a000000| PB 0x000000074a000000| Untracked 
|  74|0x000000074a200000, 0x000000074a200000, 0x000000074a400000|  0%| F|  |TAMS 0x000000074a200000| PB 0x000000074a200000| Untracked 
|  75|0x000000074a400000, 0x000000074a400000, 0x000000074a600000|  0%| F|  |TAMS 0x000000074a400000| PB 0x000000074a400000| Untracked 
|  76|0x000000074a600000, 0x000000074a600000, 0x000000074a800000|  0%| F|  |TAMS 0x000000074a600000| PB 0x000000074a600000| Untracked 
|  77|0x000000074a800000, 0x000000074a800000, 0x000000074aa00000|  0%| F|  |TAMS 0x000000074a800000| PB 0x000000074a800000| Untracked 
|  78|0x000000074aa00000, 0x000000074aa00000, 0x000000074ac00000|  0%| F|  |TAMS 0x000000074aa00000| PB 0x000000074aa00000| Untracked 
|  79|0x000000074ac00000, 0x000000074ac00000, 0x000000074ae00000|  0%| F|  |TAMS 0x000000074ac00000| PB 0x000000074ac00000| Untracked 
|  80|0x000000074ae00000, 0x000000074ae00000, 0x000000074b000000|  0%| F|  |TAMS 0x000000074ae00000| PB 0x000000074ae00000| Untracked 
|  81|0x000000074b000000, 0x000000074b000000, 0x000000074b200000|  0%| F|  |TAMS 0x000000074b000000| PB 0x000000074b000000| Untracked 
|  82|0x000000074b200000, 0x000000074b200000, 0x000000074b400000|  0%| F|  |TAMS 0x000000074b200000| PB 0x000000074b200000| Untracked 
|  83|0x000000074b400000, 0x000000074b400000, 0x000000074b600000|  0%| F|  |TAMS 0x000000074b400000| PB 0x000000074b400000| Untracked 
|  84|0x000000074b600000, 0x000000074b600000, 0x000000074b800000|  0%| F|  |TAMS 0x000000074b600000| PB 0x000000074b600000| Untracked 
|  85|0x000000074b800000, 0x000000074b800000, 0x000000074ba00000|  0%| F|  |TAMS 0x000000074b800000| PB 0x000000074b800000| Untracked 
|  86|0x000000074ba00000, 0x000000074ba00000, 0x000000074bc00000|  0%| F|  |TAMS 0x000000074ba00000| PB 0x000000074ba00000| Untracked 
|  87|0x000000074bc00000, 0x000000074bc00000, 0x000000074be00000|  0%| F|  |TAMS 0x000000074bc00000| PB 0x000000074bc00000| Untracked 
|  88|0x000000074be00000, 0x000000074be00000, 0x000000074c000000|  0%| F|  |TAMS 0x000000074be00000| PB 0x000000074be00000| Untracked 
|  89|0x000000074c000000, 0x000000074c000000, 0x000000074c200000|  0%| F|  |TAMS 0x000000074c000000| PB 0x000000074c000000| Untracked 
|  90|0x000000074c200000, 0x000000074c200000, 0x000000074c400000|  0%| F|  |TAMS 0x000000074c200000| PB 0x000000074c200000| Untracked 
|  91|0x000000074c400000, 0x000000074c400000, 0x000000074c600000|  0%| F|  |TAMS 0x000000074c400000| PB 0x000000074c400000| Untracked 
|  92|0x000000074c600000, 0x000000074c600000, 0x000000074c800000|  0%| F|  |TAMS 0x000000074c600000| PB 0x000000074c600000| Untracked 
|  93|0x000000074c800000, 0x000000074c800000, 0x000000074ca00000|  0%| F|  |TAMS 0x000000074c800000| PB 0x000000074c800000| Untracked 
|  94|0x000000074ca00000, 0x000000074cbec5c0, 0x000000074cc00000| 96%| E|  |TAMS 0x000000074ca00000| PB 0x000000074ca00000| Complete 
|  95|0x000000074cc00000, 0x000000074ce00000, 0x000000074ce00000|100%| E|CS|TAMS 0x000000074cc00000| PB 0x000000074cc00000| Complete 

Card table byte_map: [0x0000018ae33e0000,0x0000018ae39e0000] _byte_map_base: 0x0000018adf9d9000

Marking Bits: (CMBitMap*) 0x0000018acb9c43b0
 Bits: [0x0000018ae39e0000, 0x0000018ae69a8000)

Polling page: 0x0000018acb150000

Metaspace:

Usage:
  Non-class:      2.80 MB used.
      Class:    310.44 KB used.
       Both:      3.11 MB used.

Virtual space:
  Non-class space:       64.00 MB reserved,       2.88 MB (  4%) committed,  1 nodes.
      Class space:        1.00 GB reserved,     384.00 KB ( <1%) committed,  1 nodes.
             Both:        1.06 GB reserved,       3.25 MB ( <1%) committed. 

Chunk freelists:
   Non-Class:  11.92 MB
       Class:  15.57 MB
        Both:  27.49 MB

MaxMetaspaceSize: unlimited
CompressedClassSpaceSize: 1.00 GB
Initial GC threshold: 21.00 MB
Current GC threshold: 21.00 MB
CDS: on
 - commit_granule_bytes: 65536.
 - commit_granule_words: 8192.
 - virtual_space_node_default_size: 8388608.
 - enlarge_chunks_in_place: 1.
 - use_allocation_guard: 0.


Internal statistics:

num_allocs_failed_limit: 0.
num_arena_births: 90.
num_arena_deaths: 0.
num_vsnodes_births: 2.
num_vsnodes_deaths: 0.
num_space_committed: 52.
num_space_uncommitted: 0.
num_chunks_returned_to_freelist: 0.
num_chunks_taken_from_freelist: 108.
num_chunk_merges: 0.
num_chunk_splits: 64.
num_chunks_enlarged: 23.
num_inconsistent_stats: 0.

CodeHeap 'non-profiled nmethods': size=120000Kb used=134Kb max_used=134Kb free=119865Kb
 bounds [0x0000018adb8b0000, 0x0000018adbb20000, 0x0000018ae2de0000]
CodeHeap 'profiled nmethods': size=120000Kb used=519Kb max_used=519Kb free=119480Kb
 bounds [0x0000018ad3de0000, 0x0000018ad4050000, 0x0000018adb310000]
CodeHeap 'non-nmethods': size=5760Kb used=1381Kb max_used=1381Kb free=4378Kb
 bounds [0x0000018adb310000, 0x0000018adb580000, 0x0000018adb8b0000]
 total_blobs=879 nmethods=398 adapters=386
 compilation: enabled
              stopped_count=0, restarted_count=0
 full_count=0

Compilation events (20 events):
Event: 0.187 Thread 0x0000018ae8e58990  387       3       java.lang.invoke.MethodType::insertParameterTypes (121 bytes)
Event: 0.188 Thread 0x0000018ae8e58990 nmethod 387 0x0000018ad3e57f10 code [0x0000018ad3e58200, 0x0000018ad3e59150]
Event: 0.188 Thread 0x0000018ae8e58990  389       3       jdk.internal.org.objectweb.asm.Type::getArgumentsAndReturnSizes (140 bytes)
Event: 0.189 Thread 0x0000018ae8e58990 nmethod 389 0x0000018ad3e59710 code [0x0000018ad3e59ae0, 0x0000018ad3e5b760]
Event: 0.189 Thread 0x0000018ae8e58990  388       3       java.lang.invoke.MemberName::getName (25 bytes)
Event: 0.189 Thread 0x0000018ae8e58990 nmethod 388 0x0000018ad3e5c210 code [0x0000018ad3e5c3e0, 0x0000018ad3e5c780]
Event: 0.198 Thread 0x0000018ae8e58990  390       3       jdk.internal.misc.Unsafe::allocateUninitializedArray (55 bytes)
Event: 0.198 Thread 0x0000018ae8e58990 nmethod 390 0x0000018ad3e5c890 code [0x0000018ad3e5ca80, 0x0000018ad3e5cee8]
Event: 0.199 Thread 0x0000018ae8e58990  391       3       java.lang.invoke.LambdaForm::uncustomize (57 bytes)
Event: 0.199 Thread 0x0000018ae8e58990 nmethod 391 0x0000018ad3e5d090 code [0x0000018ad3e5d260, 0x0000018ad3e5d590]
Event: 0.199 Thread 0x0000018ae8e58990  392       3       java.util.concurrent.ConcurrentHashMap$Traverser::advance (188 bytes)
Event: 0.199 Thread 0x0000018ae8e58990 nmethod 392 0x0000018ad3e5d690 code [0x0000018ad3e5d8e0, 0x0000018ad3e5e510]
Event: 0.199 Thread 0x0000018ae8e58990  393       3       java.lang.StringLatin1::lastIndexOf (40 bytes)
Event: 0.200 Thread 0x0000018ae8e58990 nmethod 393 0x0000018ad3e5e790 code [0x0000018ad3e5e960, 0x0000018ad3e5ed68]
Event: 0.200 Thread 0x0000018ae8e58990  396       3       java.lang.invoke.MemberName::checkForTypeAlias (172 bytes)
Event: 0.201 Thread 0x0000018ae8e58990 nmethod 396 0x0000018ad3e5ef10 code [0x0000018ad3e5f360, 0x0000018ad3e61020]
Event: 0.283 Thread 0x0000018ae8e58990  397       3       java.lang.invoke.MethodType::basicType (8 bytes)
Event: 0.283 Thread 0x0000018ae8e58990 nmethod 397 0x0000018ad3e61890 code [0x0000018ad3e61a20, 0x0000018ad3e61b58]
Event: 0.283 Thread 0x0000018ae8e58990  398       3       java.util.concurrent.ConcurrentHashMap$BaseIterator::hasNext (13 bytes)
Event: 0.283 Thread 0x0000018ae8e58990 nmethod 398 0x0000018ad3e61c10 code [0x0000018ad3e61da0, 0x0000018ad3e61f10]

GC Heap History (0 events):
No events

Dll operation events (6 events):
Event: 0.006 Loaded shared library C:\Program Files\Java\jdk-21\bin\java.dll
Event: 0.038 Loaded shared library C:\Program Files\Java\jdk-21\bin\jsvml.dll
Event: 0.073 Loaded shared library C:\Program Files\Java\jdk-21\bin\net.dll
Event: 0.074 Loaded shared library C:\Program Files\Java\jdk-21\bin\nio.dll
Event: 0.106 Loaded shared library C:\Program Files\Java\jdk-21\bin\jimage.dll
Event: 0.120 Loaded shared library C:\Program Files\Java\jdk-21\bin\awt.dll

Deoptimization events (0 events):
No events

Classes loaded (20 events):
Event: 0.286 Loading class sun/swing/SwingAccessor done
Event: 0.286 Loading class javax/swing/KeyStroke
Event: 0.286 Loading class javax/swing/KeyStroke done
Event: 0.286 Loading class javax/swing/KeyStroke$1
Event: 0.286 Loading class sun/swing/SwingAccessor$KeyStrokeAccessor
Event: 0.286 Loading class sun/swing/SwingAccessor$KeyStrokeAccessor done
Event: 0.286 Loading class javax/swing/KeyStroke$1 done
Event: 0.286 Loading class sun/awt/windows/WKeyboardFocusManagerPeer
Event: 0.286 Loading class sun/awt/KeyboardFocusManagerPeerImpl
Event: 0.286 Loading class java/awt/peer/KeyboardFocusManagerPeer
Event: 0.286 Loading class java/awt/peer/KeyboardFocusManagerPeer done
Event: 0.286 Loading class sun/awt/KeyboardFocusManagerPeerImpl done
Event: 0.286 Loading class sun/awt/windows/WKeyboardFocusManagerPeer done
Event: 0.287 Loading class javax/swing/JComponent$1
Event: 0.287 Loading class sun/swing/SwingAccessor$JComponentAccessor
Event: 0.287 Loading class sun/swing/SwingAccessor$JComponentAccessor done
Event: 0.287 Loading class javax/swing/JComponent$1 done
Event: 0.287 Loading class javax/swing/JComponent$2
Event: 0.287 Loading class javax/swing/JComponent$2 done
Event: 0.287 Loading class javax/swing/SwingUtilities

Classes unloaded (0 events):
No events

Classes redefined (0 events):
No events

Internal exceptions (6 events):
Event: 0.075 Thread 0x0000018acb977910 Exception <a 'sun/nio/fs/WindowsException'{0x000000074cdaed58}> (0x000000074cdaed58) 
thrown [s\open\src\hotspot\share\prims\jni.cpp, line 520]
Event: 0.077 Thread 0x0000018acb977910 Exception <a 'sun/nio/fs/WindowsException'{0x000000074cdb1298}> (0x000000074cdb1298) 
thrown [s\open\src\hotspot\share\prims\jni.cpp, line 520]
Event: 0.077 Thread 0x0000018acb977910 Exception <a 'sun/nio/fs/WindowsException'{0x000000074cdb1d98}> (0x000000074cdb1d98) 
thrown [s\open\src\hotspot\share\prims\jni.cpp, line 520]
Event: 0.111 Thread 0x0000018acb977910 Exception <a 'java/lang/ClassNotFoundException'{0x000000074ca53118}: sun/awt/resources/spi/awtProvider> (0x000000074ca53118) 
thrown [s\open\src\hotspot\share\classfile\systemDictionary.cpp, line 312]
Event: 0.134 Thread 0x0000018acb977910 Exception <a 'java/io/FileNotFoundException'{0x000000074caa83f0}> (0x000000074caa83f0) 
thrown [s\open\src\hotspot\share\prims\jni.cpp, line 520]
Event: 0.141 Thread 0x0000018acb977910 Exception <a 'java/io/FileNotFoundException'{0x000000074cad25f0}> (0x000000074cad25f0) 
thrown [s\open\src\hotspot\share\prims\jni.cpp, line 520]

ZGC Phase Switch (0 events):
No events

VM Operations (2 events):
Event: 0.078 Executing VM operation: HandshakeAllThreads (Deoptimize)
Event: 0.078 Executing VM operation: HandshakeAllThreads (Deoptimize) done

Events (14 events):
Event: 0.021 Thread 0x0000018acb977910 Thread added: 0x0000018acb977910
Event: 0.036 Thread 0x0000018ae8e34210 Thread added: 0x0000018ae8e34210
Event: 0.036 Thread 0x0000018ae8e370f0 Thread added: 0x0000018ae8e370f0
Event: 0.037 Thread 0x0000018ae8e39840 Thread added: 0x0000018ae8e39840
Event: 0.037 Thread 0x0000018ae8e3ab70 Thread added: 0x0000018ae8e3ab70
Event: 0.037 Thread 0x0000018ae8e3bab0 Thread added: 0x0000018ae8e3bab0
Event: 0.037 Thread 0x0000018ae8e3e8c0 Thread added: 0x0000018ae8e3e8c0
Event: 0.037 Thread 0x0000018ae8e3c7f0 Thread added: 0x0000018ae8e3c7f0
Event: 0.037 Thread 0x0000018ae8e58990 Thread added: 0x0000018ae8e58990
Event: 0.060 Thread 0x0000018aed07b900 Thread added: 0x0000018aed07b900
Event: 0.092 Thread 0x0000018aed11d890 Thread added: 0x0000018aed11d890
Event: 0.185 Thread 0x0000018aed284210 Thread added: 0x0000018aed284210
Event: 0.187 Thread 0x0000018aed287950 Thread added: 0x0000018aed287950
Event: 0.188 Thread 0x0000018aed293380 Thread added: 0x0000018aed293380


Dynamic libraries:
0x00007ff74b290000 - 0x00007ff74b2a0000 	C:\Program Files\Java\jdk-21\bin\java.exe
0x00007ffa493a0000 - 0x00007ffa495a9000 	C:\WINDOWS\SYSTEM32\ntdll.dll
0x00007ffa47f80000 - 0x00007ffa4803d000 	C:\WINDOWS\System32\KERNEL32.DLL
0x00007ffa46c70000 - 0x00007ffa46ff4000 	C:\WINDOWS\System32\KERNELBASE.dll
0x00007ffa46990000 - 0x00007ffa46aa1000 	C:\WINDOWS\System32\ucrtbase.dll
0x00007ffa361e0000 - 0x00007ffa361f9000 	C:\Program Files\Java\jdk-21\bin\jli.dll
0x00007ffa18610000 - 0x00007ffa1862b000 	C:\Program Files\Java\jdk-21\bin\VCRUNTIME140.dll
0x00007ffa48250000 - 0x00007ffa482fe000 	C:\WINDOWS\System32\ADVAPI32.dll
0x00007ffa48040000 - 0x00007ffa480e3000 	C:\WINDOWS\System32\msvcrt.dll
0x00007ffa48340000 - 0x00007ffa483de000 	C:\WINDOWS\System32\sechost.dll
0x00007ffa47640000 - 0x00007ffa47761000 	C:\WINDOWS\System32\RPCRT4.dll
0x00007ffa473a0000 - 0x00007ffa4754d000 	C:\WINDOWS\System32\USER32.dll
0x00007ffa46960000 - 0x00007ffa46986000 	C:\WINDOWS\System32\win32u.dll
0x00007ffa48560000 - 0x00007ffa4858a000 	C:\WINDOWS\System32\GDI32.dll
0x00007ffa46ab0000 - 0x00007ffa46bce000 	C:\WINDOWS\System32\gdi32full.dll
0x00007ffa46bd0000 - 0x00007ffa46c6d000 	C:\WINDOWS\System32\msvcp_win.dll
0x00007ffa45a30000 - 0x00007ffa45cd5000 	C:\WINDOWS\WinSxS\amd64_microsoft.windows.common-controls_6595b64144ccf1df_6.0.22000.120_none_9d947278b86cc467\COMCTL32.dll
0x00007ffa404f0000 - 0x00007ffa404fa000 	C:\WINDOWS\SYSTEM32\VERSION.dll
0x00007ffa48300000 - 0x00007ffa48331000 	C:\WINDOWS\System32\IMM32.DLL
0x00007ffa31770000 - 0x00007ffa3177c000 	C:\Program Files\Java\jdk-21\bin\vcruntime140_1.dll
0x00007ffa18580000 - 0x00007ffa1860e000 	C:\Program Files\Java\jdk-21\bin\msvcp140.dll
0x00007ffa13330000 - 0x00007ffa14045000 	C:\Program Files\Java\jdk-21\bin\server\jvm.dll
0x00007ffa491e0000 - 0x00007ffa4924f000 	C:\WINDOWS\System32\WS2_32.dll
0x00007ffa46700000 - 0x00007ffa4674d000 	C:\WINDOWS\SYSTEM32\POWRPROF.dll
0x00007ffa3c8b0000 - 0x00007ffa3c8e3000 	C:\WINDOWS\SYSTEM32\WINMM.dll
0x00007ffa466e0000 - 0x00007ffa466f3000 	C:\WINDOWS\SYSTEM32\UMPDC.dll
0x00007ffa44af0000 - 0x00007ffa44b08000 	C:\WINDOWS\SYSTEM32\kernel.appcore.dll
0x00007ffa2b6e0000 - 0x00007ffa2b6ea000 	C:\Program Files\Java\jdk-21\bin\jimage.dll
0x00007ffa460d0000 - 0x00007ffa462f1000 	C:\WINDOWS\SYSTEM32\DBGHELP.DLL
0x00007ffa45e10000 - 0x00007ffa45e41000 	C:\WINDOWS\SYSTEM32\dbgcore.DLL
0x00007ffa47000000 - 0x00007ffa4707f000 	C:\WINDOWS\System32\bcryptPrimitives.dll
0x00007ffa18560000 - 0x00007ffa1857f000 	C:\Program Files\Java\jdk-21\bin\java.dll
0x00007ffa48a10000 - 0x00007ffa491d5000 	C:\WINDOWS\System32\SHELL32.dll
0x00007ffa43a40000 - 0x00007ffa442a2000 	C:\WINDOWS\SYSTEM32\windows.storage.dll
0x00007ffa47a10000 - 0x00007ffa47d86000 	C:\WINDOWS\System32\combase.dll
0x00007ffa438d0000 - 0x00007ffa43a37000 	C:\WINDOWS\SYSTEM32\wintypes.dll
0x00007ffa47550000 - 0x00007ffa4763a000 	C:\WINDOWS\System32\SHCORE.dll
0x00007ffa48500000 - 0x00007ffa4855d000 	C:\WINDOWS\System32\shlwapi.dll
0x00007ffa46760000 - 0x00007ffa46785000 	C:\WINDOWS\SYSTEM32\profapi.dll
0x00007ffa18150000 - 0x00007ffa18227000 	C:\Program Files\Java\jdk-21\bin\jsvml.dll
0x00007ffa29c80000 - 0x00007ffa29c90000 	C:\Program Files\Java\jdk-21\bin\net.dll
0x00007ffa40d10000 - 0x00007ffa40e24000 	C:\WINDOWS\SYSTEM32\WINHTTP.dll
0x00007ffa45660000 - 0x00007ffa456c7000 	C:\WINDOWS\system32\mswsock.dll
0x00007ffa18370000 - 0x00007ffa18386000 	C:\Program Files\Java\jdk-21\bin\nio.dll
0x00007ffa18f00000 - 0x00007ffa1908f000 	C:\Program Files\Java\jdk-21\bin\awt.dll
0x00007ffa47250000 - 0x00007ffa47326000 	C:\WINDOWS\System32\OLEAUT32.dll
0x00007ffa42f80000 - 0x00007ffa43012000 	C:\WINDOWS\SYSTEM32\apphelp.dll
0x00007ffa434e0000 - 0x00007ffa4350f000 	C:\WINDOWS\system32\DWMAPI.DLL
0x00007ffa43130000 - 0x00007ffa431dc000 	C:\WINDOWS\system32\uxtheme.dll
0x00007ffa189b0000 - 0x00007ffa18ab1000 	C:\WINDOWS\system32\opengl32.dll
0x00007ffa18980000 - 0x00007ffa189ad000 	C:\WINDOWS\SYSTEM32\GLU32.dll
0x00007ffa43240000 - 0x00007ffa43278000 	C:\WINDOWS\SYSTEM32\dxcore.dll
0x00007ffa483e0000 - 0x00007ffa484fd000 	C:\WINDOWS\System32\MSCTF.dll
0x00007ffa47860000 - 0x00007ffa479fa000 	C:\WINDOWS\System32\ole32.dll
0x00007ffa3d5f0000 - 0x00007ffa3d796000 	C:\WINDOWS\system32\d3d9.dll
0x00007ffa3a450000 - 0x00007ffa3a556000 	C:\WINDOWS\System32\DriverStore\FileRepository\nvmd.inf_amd64_cc1a5d7d67a7b51d\nvldumdx.dll
0x00007ffa45960000 - 0x00007ffa45972000 	C:\WINDOWS\SYSTEM32\msasn1.dll
0x00007ffa40360000 - 0x00007ffa40391000 	C:\WINDOWS\SYSTEM32\cryptnet.dll
0x00007ffa47080000 - 0x00007ffa471e2000 	C:\WINDOWS\System32\CRYPT32.dll
0x00007ffa3dc10000 - 0x00007ffa3dd61000 	C:\WINDOWS\SYSTEM32\drvstore.dll
0x00007ffa46400000 - 0x00007ffa46433000 	C:\WINDOWS\SYSTEM32\devobj.dll
0x00007ffa46440000 - 0x00007ffa4648c000 	C:\WINDOWS\SYSTEM32\CFGMGR32.dll
0x00007ffa45980000 - 0x00007ffa459bf000 	C:\WINDOWS\SYSTEM32\wldp.dll
0x00007ffa45950000 - 0x00007ffa4595c000 	C:\WINDOWS\SYSTEM32\cryptbase.dll
0x00007ffa46830000 - 0x00007ffa46897000 	C:\WINDOWS\System32\WINTRUST.DLL
0x00007ffa47da0000 - 0x00007ffa47dbf000 	C:\WINDOWS\System32\imagehlp.dll
0x00007ffa463e0000 - 0x00007ffa463f8000 	C:\WINDOWS\SYSTEM32\CRYPTSP.dll
0x00007ffa44970000 - 0x00007ffa449a5000 	C:\WINDOWS\system32\rsaenh.dll
0x00007ffa460a0000 - 0x00007ffa460c7000 	C:\WINDOWS\SYSTEM32\bcrypt.dll
0x00007ffa02700000 - 0x00007ffa03fb0000 	C:\WINDOWS\System32\DriverStore\FileRepository\nvmd.inf_amd64_cc1a5d7d67a7b51d\nvd3dumx.dll
0x00007ffa40640000 - 0x00007ffa40684000 	C:\WINDOWS\SYSTEM32\directxdatabasehelper.dll
0x00007ffa46060000 - 0x00007ffa46094000 	C:\WINDOWS\SYSTEM32\ntmarta.dll
0x00007ffa458c0000 - 0x00007ffa458e4000 	C:\WINDOWS\SYSTEM32\gpapi.dll

dbghelp: loaded successfully - version: 4.0.5 - missing functions: none
symbol engine: initialized successfully - sym options: 0x614 - pdb path: .;C:\Program Files\Java\jdk-21\bin;C:\WINDOWS\SYSTEM32;C:\WINDOWS\WinSxS\amd64_microsoft.windows.common-controls_6595b64144ccf1df_6.0.22000.120_none_9d947278b86cc467;C:\Program Files\Java\jdk-21\bin\server;C:\WINDOWS\System32\DriverStore\FileRepository\nvmd.inf_amd64_cc1a5d7d67a7b51d

VM Arguments:
jvm_args: -Dfile.encoding=UTF-8 --module-path=C:\Users\omkar\Documents\NetBeansProjects\bank managment system\build\classes 
java_command: bank.managment.system.Login
java_class_path (initial): C:\Users\omkar\Documents\NetBeansProjects\bank managment system\build\classes
Launcher Type: SUN_STANDARD

[Global flags]
     intx CICompilerCount                          = 3                                         {product} {ergonomic}
     uint ConcGCThreads                            = 1                                         {product} {ergonomic}
     uint G1ConcRefinementThreads                  = 4                                         {product} {ergonomic}
   size_t G1HeapRegionSize                         = 2097152                                   {product} {ergonomic}
    uintx GCDrainStackTargetSize                   = 64                                        {product} {ergonomic}
   size_t InitialHeapSize                          = 201326592                                 {product} {ergonomic}
   size_t MarkStackSize                            = 4194304                                   {product} {ergonomic}
   size_t MaxHeapSize                              = 3206545408                                {product} {ergonomic}
   size_t MaxNewSize                               = 1923088384                                {product} {ergonomic}
   size_t MinHeapDeltaBytes                        = 2097152                                   {product} {ergonomic}
   size_t MinHeapSize                              = 8388608                                   {product} {ergonomic}
    uintx NonNMethodCodeHeapSize                   = 5832780                                {pd product} {ergonomic}
    uintx NonProfiledCodeHeapSize                  = 122912730                              {pd product} {ergonomic}
    uintx ProfiledCodeHeapSize                     = 122912730                              {pd product} {ergonomic}
    uintx ReservedCodeCacheSize                    = 251658240                              {pd product} {ergonomic}
     bool SegmentedCodeCache                       = true                                      {product} {ergonomic}
   size_t SoftMaxHeapSize                          = 3206545408                             {manageable} {ergonomic}
     bool UseCompressedOops                        = true                           {product lp64_product} {ergonomic}
     bool UseG1GC                                  = true                                      {product} {ergonomic}
     bool UseLargePagesIndividualAllocation        = false                                  {pd product} {ergonomic}

Logging:
Log output configuration:
 #0: stdout all=warning uptime,level,tags foldmultilines=false
 #1: stderr all=off uptime,level,tags foldmultilines=false

Environment Variables:
PATH=C:\Program Files\Java\jdk-21\bin;C:\Program Files\MySQL\MySQL Shell 8.0\bin\;C:\Users\omkar\AppData\Local\Microsoft\WindowsApps;C:\Users\omkar\AppData\Local\Programs\Microsoft VS Code\bin
USERNAME=omkar
OS=Windows_NT
PROCESSOR_IDENTIFIER=Intel64 Family 6 Model 158 Stepping 9, GenuineIntel
TMP=C:\Users\omkar\AppData\Local\Temp
TEMP=C:\Users\omkar\AppData\Local\Temp




Periodic native trim disabled

---------------  S Y S T E M  ---------------

OS:
 Windows 11 , 64 bit Build 22000 (10.0.22000.2538)
OS uptime: 0 days 3:09 hours

CPU: total 4 (initial active 4) (2 cores per cpu, 2 threads per core) family 6 model 158 stepping 9 microcode 0xde, cx8, cmov, fxsr, ht, mmx, 3dnowpref, sse, sse2, sse3, ssse3, sse4.1, sse4.2, popcnt, lzcnt, tsc, tscinvbit, avx, avx2, aes, erms, clmul, bmi1, bmi2, adx, fma, vzeroupper, clflush, clflushopt, rdtscp, f16c
Processor Information for all 4 processors :
  Max Mhz: 3900, Current Mhz: 3900, Mhz Limit: 3900

Memory: 4k page, system-wide physical 12225M (3227M free)
TotalPageFile size 40752M (AvailPageFile size 4M)
current process WorkingSet (physical memory assigned to process): 57M, peak: 57M
current process commit charge ("private bytes"): 281M, peak: 281M

vm_info: Java HotSpot(TM) 64-Bit Server VM (21.0.1+12-LTS-29) for windows-amd64 JRE (21.0.1+12-LTS-29), built on 2023-10-05T13:27:09Z by "mach5one" with MS VC++ 17.1 (VS2022)

END.
