#
# There is insufficient memory for the Java Runtime Environment to continue.
# Native memory allocation (mmap) failed to map 201326592 bytes for G1 virtual space
# Possible reasons:
#   The system is out of physical RAM or swap space
#   The process is running with CompressedOops enabled, and the Java Heap may be blocking the growth of the native heap
# Possible solutions:
#   Reduce memory load on the system
#   Increase physical memory or swap space
#   Check if swap backing store is full
#   Decrease Java heap size (-Xmx/-Xms)
#   Decrease number of Java threads
#   Decrease Java thread stack sizes (-Xss)
#   Set larger code cache with -XX:ReservedCodeCacheSize=
#   JVM is running with Zero Based Compressed Oops mode in which the Java heap is
#     placed in the first 32GB address space. The Java Heap base address is the
#     maximum limit for the native heap growth. Please use -XX:HeapBaseMinAddress
#     to set the Java Heap base and to place the Java Heap above 32GB virtual address.
# This output file may be truncated or incomplete.
#
#  Out of Memory Error (os_windows.cpp:3600), pid=13200, tid=21280
#
# JRE version:  (21.0.1+12) (build )
# Java VM: Java HotSpot(TM) 64-Bit Server VM (21.0.1+12-LTS-29, mixed mode, sharing, tiered, compressed oops, compressed class ptrs, g1 gc, windows-amd64)
# No core dump will be written. Minidumps are not enabled by default on client versions of Windows
#

---------------  S U M M A R Y ------------

Command Line: -Dfile.encoding=UTF-8 --module-path=C:\Users\omkar\Documents\NetBeansProjects\bank managment system\build\classes bank.managment.system.Login

Host: Intel(R) Core(TM) i3-7100 CPU @ 3.90GHz, 4 cores, 11G,  Windows 11 , 64 bit Build 22000 (10.0.22000.2538)
Time: Wed Mar 20 20:15:03 2024 India Standard Time elapsed time: 0.040936 seconds (0d 0h 0m 0s)

---------------  T H R E A D  ---------------

Current thread (0x00000261052b75a0):  JavaThread "Unknown thread" [_thread_in_vm, id=21280, stack(0x0000009d62b00000,0x0000009d62c00000) (1024K)]

Stack: [0x0000009d62b00000,0x0000009d62c00000]
Native frames: (J=compiled Java code, j=interpreted, Vv=VM code, C=native code)
V  [jvm.dll+0x6c9029]
V  [jvm.dll+0x854b81]
V  [jvm.dll+0x856e5e]
V  [jvm.dll+0x857543]
V  [jvm.dll+0x280c06]
V  [jvm.dll+0x6c5715]
V  [jvm.dll+0x6ba10a]
V  [jvm.dll+0x3557ea]
V  [jvm.dll+0x35d436]
V  [jvm.dll+0x3ae1be]
V  [jvm.dll+0x3ae468]
V  [jvm.dll+0x3291fc]
V  [jvm.dll+0x329d8b]
V  [jvm.dll+0x81d179]
V  [jvm.dll+0x3bb4f1]
V  [jvm.dll+0x805ae8]
V  [jvm.dll+0x44effe]
V  [jvm.dll+0x450901]
C  [jli.dll+0x52a3]
C  [ucrtbase.dll+0x26c0c]
C  [KERNEL32.DLL+0x153e0]
C  [ntdll.dll+0x485b]


---------------  P R O C E S S  ---------------

Threads class SMR info:
_java_thread_list=0x00007ffa13ef9b88, length=0, elements={
}

Java Threads: ( => current thread )
Total: 0

Other Threads:
  0x0000026105303120 WorkerThread "GC Thread#0"                     [id=23640, stack(0x0000009d62c00000,0x0000009d62d00000) (1024K)]
  0x0000026105310010 ConcurrentGCThread "G1 Main Marker"            [id=13324, stack(0x0000009d62d00000,0x0000009d62e00000) (1024K)]
  0x0000026105311cd0 WorkerThread "G1 Conc#0"                       [id=12748, stack(0x0000009d62e00000,0x0000009d62f00000) (1024K)]

[error occurred during error reporting (printing all threads), id 0xc0000005, EXCEPTION_ACCESS_VIOLATION (0xc0000005) at pc=0x00007ffa1366c2c7]
VM state: not at safepoint (not fully initialized)

VM Mutex/Monitor currently owned by a thread:  ([mutex/lock_event])
[0x00007ffa13f6a6f8] Heap_lock - owner thread: 0x00000261052b75a0

Heap address: 0x0000000740e00000, size: 3058 MB, Compressed Oops mode: Zero based, Oop shift amount: 3

CDS archive(s) mapped at: [0x0000000000000000-0x0000000000000000-0x0000000000000000), size 0, SharedBaseAddress: 0x0000000800000000, ArchiveRelocationMode: 1.
Narrow klass base: 0x0000000000000000, Narrow klass shift: 0, Narrow klass range: 0x0

GC Precious Log:
 CardTable entry size: 512
 Card Set container configuration: InlinePtr #cards 4 size 8 Array Of Cards #cards 16 size 48 Howl #buckets 8 coarsen threshold 3686 Howl Bitmap #cards 512 size 80 coarsen threshold 460 Card regions per heap region 1 cards per card region 4096

Heap:
 garbage-first heap   total 0K, used 0K [0x0000000740e00000, 0x0000000800000000)
  region size 2048K, 0 young (0K), 0 survivors (0K)

[error occurred during error reporting (printing heap information), id 0xc0000005, EXCEPTION_ACCESS_VIOLATION (0xc0000005) at pc=0x00007ffa13a51be9]
GC Heap History (0 events):
No events

Dll operation events (1 events):
Event: 0.023 Loaded shared library C:\Program Files\Java\jdk-21\bin\java.dll

Deoptimization events (0 events):
No events

Classes loaded (0 events):
No events

Classes unloaded (0 events):
No events

Classes redefined (0 events):
No events

Internal exceptions (0 events):
No events

ZGC Phase Switch (0 events):
No events

VM Operations (0 events):
No events

Events (0 events):
No events


Dynamic libraries:
0x00007ff74b290000 - 0x00007ff74b2a0000 	C:\Program Files\Java\jdk-21\bin\java.exe
0x00007ffa493a0000 - 0x00007ffa495a9000 	C:\WINDOWS\SYSTEM32\ntdll.dll
0x00007ffa47f80000 - 0x00007ffa4803d000 	C:\WINDOWS\System32\KERNEL32.DLL
0x00007ffa46c70000 - 0x00007ffa46ff4000 	C:\WINDOWS\System32\KERNELBASE.dll
0x00007ffa46990000 - 0x00007ffa46aa1000 	C:\WINDOWS\System32\ucrtbase.dll
0x00007ffa361e0000 - 0x00007ffa361f9000 	C:\Program Files\Java\jdk-21\bin\jli.dll
0x00007ffa48250000 - 0x00007ffa482fe000 	C:\WINDOWS\System32\ADVAPI32.dll
0x00007ffa48040000 - 0x00007ffa480e3000 	C:\WINDOWS\System32\msvcrt.dll
0x00007ffa48340000 - 0x00007ffa483de000 	C:\WINDOWS\System32\sechost.dll
0x00007ffa47640000 - 0x00007ffa47761000 	C:\WINDOWS\System32\RPCRT4.dll
0x00007ffa18610000 - 0x00007ffa1862b000 	C:\Program Files\Java\jdk-21\bin\VCRUNTIME140.dll
0x00007ffa473a0000 - 0x00007ffa4754d000 	C:\WINDOWS\System32\USER32.dll
0x00007ffa46960000 - 0x00007ffa46986000 	C:\WINDOWS\System32\win32u.dll
0x00007ffa48560000 - 0x00007ffa4858a000 	C:\WINDOWS\System32\GDI32.dll
0x00007ffa46ab0000 - 0x00007ffa46bce000 	C:\WINDOWS\System32\gdi32full.dll
0x00007ffa46bd0000 - 0x00007ffa46c6d000 	C:\WINDOWS\System32\msvcp_win.dll
0x00007ffa45a30000 - 0x00007ffa45cd5000 	C:\WINDOWS\WinSxS\amd64_microsoft.windows.common-controls_6595b64144ccf1df_6.0.22000.120_none_9d947278b86cc467\COMCTL32.dll
0x00007ffa404f0000 - 0x00007ffa404fa000 	C:\WINDOWS\SYSTEM32\VERSION.dll
0x00007ffa48300000 - 0x00007ffa48331000 	C:\WINDOWS\System32\IMM32.DLL
0x00007ffa31770000 - 0x00007ffa3177c000 	C:\Program Files\Java\jdk-21\bin\vcruntime140_1.dll
0x00007ffa18580000 - 0x00007ffa1860e000 	C:\Program Files\Java\jdk-21\bin\msvcp140.dll
0x00007ffa13330000 - 0x00007ffa14045000 	C:\Program Files\Java\jdk-21\bin\server\jvm.dll
0x00007ffa491e0000 - 0x00007ffa4924f000 	C:\WINDOWS\System32\WS2_32.dll
0x00007ffa46700000 - 0x00007ffa4674d000 	C:\WINDOWS\SYSTEM32\POWRPROF.dll
0x00007ffa3c8b0000 - 0x00007ffa3c8e3000 	C:\WINDOWS\SYSTEM32\WINMM.dll
0x00007ffa466e0000 - 0x00007ffa466f3000 	C:\WINDOWS\SYSTEM32\UMPDC.dll
0x00007ffa44af0000 - 0x00007ffa44b08000 	C:\WINDOWS\SYSTEM32\kernel.appcore.dll
0x00007ffa2b6e0000 - 0x00007ffa2b6ea000 	C:\Program Files\Java\jdk-21\bin\jimage.dll
0x00007ffa460d0000 - 0x00007ffa462f1000 	C:\WINDOWS\SYSTEM32\DBGHELP.DLL
0x00007ffa45e10000 - 0x00007ffa45e41000 	C:\WINDOWS\SYSTEM32\dbgcore.DLL
0x00007ffa47000000 - 0x00007ffa4707f000 	C:\WINDOWS\System32\bcryptPrimitives.dll
0x00007ffa18560000 - 0x00007ffa1857f000 	C:\Program Files\Java\jdk-21\bin\java.dll

dbghelp: loaded successfully - version: 4.0.5 - missing functions: none
symbol engine: initialized successfully - sym options: 0x614 - pdb path: .;C:\Program Files\Java\jdk-21\bin;C:\WINDOWS\SYSTEM32;C:\WINDOWS\WinSxS\amd64_microsoft.windows.common-controls_6595b64144ccf1df_6.0.22000.120_none_9d947278b86cc467;C:\Program Files\Java\jdk-21\bin\server

VM Arguments:
jvm_args: -Dfile.encoding=UTF-8 --module-path=C:\Users\omkar\Documents\NetBeansProjects\bank managment system\build\classes 
java_command: bank.managment.system.Login
java_class_path (initial): C:\Users\omkar\Documents\NetBeansProjects\bank managment system\build\classes
Launcher Type: SUN_STANDARD

[Global flags]
     intx CICompilerCount                          = 3                                         {product} {ergonomic}
     uint ConcGCThreads                            = 1                                         {product} {ergonomic}
     uint G1ConcRefinementThreads                  = 4                                         {product} {ergonomic}
   size_t G1HeapRegionSize                         = 2097152                                   {product} {ergonomic}
    uintx GCDrainStackTargetSize                   = 64                                        {product} {ergonomic}
   size_t InitialHeapSize                          = 201326592                                 {product} {ergonomic}
   size_t MarkStackSize                            = 4194304                                   {product} {ergonomic}
   size_t MaxHeapSize                              = 3206545408                                {product} {ergonomic}
   size_t MinHeapDeltaBytes                        = 2097152                                   {product} {ergonomic}
   size_t MinHeapSize                              = 8388608                                   {product} {ergonomic}
    uintx NonNMethodCodeHeapSize                   = 5832780                                {pd product} {ergonomic}
    uintx NonProfiledCodeHeapSize                  = 122912730                              {pd product} {ergonomic}
    uintx ProfiledCodeHeapSize                     = 122912730                              {pd product} {ergonomic}
    uintx ReservedCodeCacheSize                    = 251658240                              {pd product} {ergonomic}
     bool SegmentedCodeCache                       = true                                      {product} {ergonomic}
   size_t SoftMaxHeapSize                          = 3206545408                             {manageable} {ergonomic}
     bool UseCompressedOops                        = true                           {product lp64_product} {ergonomic}
     bool UseG1GC                                  = true                                      {product} {ergonomic}
     bool UseLargePagesIndividualAllocation        = false                                  {pd product} {ergonomic}

Logging:
Log output configuration:
 #0: stdout all=warning uptime,level,tags foldmultilines=false
 #1: stderr all=off uptime,level,tags foldmultilines=false

Environment Variables:
PATH=C:\Program Files\Java\jdk-21\bin;C:\Program Files\MySQL\MySQL Shell 8.0\bin\;C:\Users\omkar\AppData\Local\Microsoft\WindowsApps;C:\Users\omkar\AppData\Local\Programs\Microsoft VS Code\bin
USERNAME=omkar
OS=Windows_NT
PROCESSOR_IDENTIFIER=Intel64 Family 6 Model 158 Stepping 9, GenuineIntel
TMP=C:\Users\omkar\AppData\Local\Temp
TEMP=C:\Users\omkar\AppData\Local\Temp




Periodic native trim disabled

---------------  S Y S T E M  ---------------

OS:
 Windows 11 , 64 bit Build 22000 (10.0.22000.2538)
OS uptime: 0 days 3:09 hours

CPU: total 4 (initial active 4) (2 cores per cpu, 2 threads per core) family 6 model 158 stepping 9 microcode 0xde, cx8, cmov, fxsr, ht, mmx, 3dnowpref, sse, sse2, sse3, ssse3, sse4.1, sse4.2, popcnt, lzcnt, tsc, tscinvbit, avx, avx2, aes, erms, clmul, bmi1, bmi2, adx, fma, vzeroupper, clflush, clflushopt, rdtscp, f16c
Processor Information for all 4 processors :
  Max Mhz: 3900, Current Mhz: 3900, Mhz Limit: 3900

Memory: 4k page, system-wide physical 12225M (3231M free)
TotalPageFile size 40752M (AvailPageFile size 188M)
current process WorkingSet (physical memory assigned to process): 10M, peak: 10M
current process commit charge ("private bytes"): 51M, peak: 243M

vm_info: Java HotSpot(TM) 64-Bit Server VM (21.0.1+12-LTS-29) for windows-amd64 JRE (21.0.1+12-LTS-29), built on 2023-10-05T13:27:09Z by "mach5one" with MS VC++ 17.1 (VS2022)

END.
